<pre><font color="#8AE234"><b>ayesha@LDTS-AYESHASH</b></font>:<font color="#729FCF"><b>~/Documents/Docker Training/docker-flask-web-app-production</b></font>$ docker build  web_flask_app:&lt;v01&gt;  --Dockerfile
bash: v01: No such file or directory
<font color="#8AE234"><b>ayesha@LDTS-AYESHASH</b></font>:<font color="#729FCF"><b>~/Documents/Docker Training/docker-flask-web-app-production</b></font>$ docker build  web_flask_app:v01  --Dockerfile
unknown flag: --Dockerfile
See &apos;docker build --help&apos;.
<font color="#8AE234"><b>ayesha@LDTS-AYESHASH</b></font>:<font color="#729FCF"><b>~/Documents/Docker Training/docker-flask-web-app-production</b></font>$ docker build  web_flask_app:v01  
unable to prepare context: path &quot;web_flask_app:v01&quot; not found
<font color="#8AE234"><b>ayesha@LDTS-AYESHASH</b></font>:<font color="#729FCF"><b>~/Documents/Docker Training/docker-flask-web-app-production</b></font>$ docker image ls
REPOSITORY                          TAG                  IMAGE ID            CREATED             SIZE
docker-flask                        latest               35cbada26b40        3 days ago          1.51GB
flask-tutorial                      python3_latest_v10   94d96d915860        4 days ago          1.51GB
&lt;none&gt;                              &lt;none&gt;               28da938dc2f9        4 days ago          1.51GB
&lt;none&gt;                              &lt;none&gt;               606b7220b017        4 days ago          1.51GB
&lt;none&gt;                              &lt;none&gt;               9adb1c52daab        4 days ago          1.51GB
&lt;none&gt;                              &lt;none&gt;               c592bc2d6c26        4 days ago          1.51GB
&lt;none&gt;                              &lt;none&gt;               980bc9defcfa        4 days ago          1.51GB
&lt;none&gt;                              &lt;none&gt;               a6fda15ddc68        4 days ago          1.51GB
&lt;none&gt;                              &lt;none&gt;               ea285a86c3ef        4 days ago          1.51GB
flask-tutorial                      python3_latest_v9    4f0cfca0babb        4 days ago          1.51GB
&lt;none&gt;                              &lt;none&gt;               617bf9026db7        4 days ago          1.51GB
&lt;none&gt;                              &lt;none&gt;               3551b007f710        4 days ago          1.51GB
&lt;none&gt;                              &lt;none&gt;               90b4c72ab7df        4 days ago          1.51GB
&lt;none&gt;                              &lt;none&gt;               032418122323        4 days ago          1.51GB
&lt;none&gt;                              &lt;none&gt;               da5565d539e8        4 days ago          1.51GB
flask-tutorial                      python3_latest_v8    f431fce2aacc        4 days ago          1.51GB
flask-tutorial                      python3_latest_v7    18038bfcf7d7        4 days ago          681MB
&lt;none&gt;                              &lt;none&gt;               243812a4ee64        4 days ago          479MB
flask-tutorial                      python3_latest_v5    bb198826ef2a        4 days ago          681MB
flask-tutorial                      python3_latest_v4    39a34c6c1de6        4 days ago          681MB
flask-tutorial                      python3_latest_v3    42bd58cb89d1        4 days ago          672MB
&lt;none&gt;                              &lt;none&gt;               3741b581003b        4 days ago          479MB
flask-tutorial                      python3_latest_v2    5725ca177611        4 days ago          670MB
flask-tutorial                      python3_latest       42fb71df2205        4 days ago          694MB
&lt;none&gt;                              &lt;none&gt;               752e7b1bfad3        4 days ago          479MB
flask-tutorial                      latest               5a11986e36d9        4 days ago          644MB
ayeshashafiquedocker/ubuntu         v1                   318457b1782a        4 days ago          92.7MB
ayeshashafiquedocker/ubuntu-hello   v1                   775349758637        10 days ago         64.2MB
ubuntu                              18.04                775349758637        10 days ago         64.2MB
ubuntu                              latest               775349758637        10 days ago         64.2MB
jjanzic/docker-python3-opencv       latest               7b19919b069b        4 weeks ago         1.36GB
hello-world                         latest               fce289e99eb9        10 months ago       1.84kB
<font color="#8AE234"><b>ayesha@LDTS-AYESHASH</b></font>:<font color="#729FCF"><b>~/Documents/Docker Training/docker-flask-web-app-production</b></font>$ docker build  web_flask_app:v01  
unable to prepare context: path &quot;web_flask_app:v01&quot; not found
<font color="#8AE234"><b>ayesha@LDTS-AYESHASH</b></font>:<font color="#729FCF"><b>~/Documents/Docker Training/docker-flask-web-app-production</b></font>$ docker build --tag web_flask_app:v01 --file Dockerfile
&quot;docker build&quot; requires exactly 1 argument.
See &apos;docker build --help&apos;.

Usage:  docker build [OPTIONS] PATH | URL | -

Build an image from a Dockerfile
<font color="#8AE234"><b>ayesha@LDTS-AYESHASH</b></font>:<font color="#729FCF"><b>~/Documents/Docker Training/docker-flask-web-app-production</b></font>$ docker build web_flask_app:v01 --file Dockerfile
unable to prepare context: path &quot;web_flask_app:v01&quot; not found
<font color="#8AE234"><b>ayesha@LDTS-AYESHASH</b></font>:<font color="#729FCF"><b>~/Documents/Docker Training/docker-flask-web-app-production</b></font>$ docker build -t docker-flask:latest .
Sending build context to Docker daemon  10.76MB
Step 1/9 : FROM ubuntu:18.04
 ---&gt; 775349758637
Step 2/9 : LABEL maintainer=&quot;me@mail.com&quot;
 ---&gt; Running in cb592bbac2b4
Removing intermediate container cb592bbac2b4
 ---&gt; d96a877ced65
Step 3/9 : RUN apt-get update -y &amp;&amp; apt-get install -y build-essential cmake libsm6 libxext6 libxrender-dev python3 python3-pip python3-dev
 ---&gt; Running in 83f306f02e19
Get:1 http://archive.ubuntu.com/ubuntu bionic InRelease [242 kB]
Get:2 http://security.ubuntu.com/ubuntu bionic-security InRelease [88.7 kB]
Get:3 http://archive.ubuntu.com/ubuntu bionic-updates InRelease [88.7 kB]
Get:4 http://security.ubuntu.com/ubuntu bionic-security/universe amd64 Packages [782 kB]
Get:5 http://archive.ubuntu.com/ubuntu bionic-backports InRelease [74.6 kB]
Get:6 http://archive.ubuntu.com/ubuntu bionic/main amd64 Packages [1344 kB]
Get:7 http://security.ubuntu.com/ubuntu bionic-security/main amd64 Packages [700 kB]
Get:8 http://archive.ubuntu.com/ubuntu bionic/universe amd64 Packages [11.3 MB]
Get:9 http://security.ubuntu.com/ubuntu bionic-security/multiverse amd64 Packages [5944 B]
Get:10 http://security.ubuntu.com/ubuntu bionic-security/restricted amd64 Packages [12.6 kB]
Get:11 http://archive.ubuntu.com/ubuntu bionic/multiverse amd64 Packages [186 kB]
Get:12 http://archive.ubuntu.com/ubuntu bionic/restricted amd64 Packages [13.5 kB]
Get:13 http://archive.ubuntu.com/ubuntu bionic-updates/restricted amd64 Packages [25.8 kB]
Get:14 http://archive.ubuntu.com/ubuntu bionic-updates/main amd64 Packages [995 kB]
Get:15 http://archive.ubuntu.com/ubuntu bionic-updates/multiverse amd64 Packages [9022 B]
Get:16 http://archive.ubuntu.com/ubuntu bionic-updates/universe amd64 Packages [1309 kB]
Get:17 http://archive.ubuntu.com/ubuntu bionic-backports/main amd64 Packages [2496 B]
Get:18 http://archive.ubuntu.com/ubuntu bionic-backports/universe amd64 Packages [4234 B]
Fetched 17.2 MB in 13s (1281 kB/s)
Reading package lists...
Reading package lists...
Building dependency tree...
Reading state information...
The following additional packages will be installed:
  binutils binutils-common binutils-x86-64-linux-gnu ca-certificates
  cmake-data cpp cpp-7 dbus dh-python dirmngr dpkg-dev fakeroot file g++ g++-7
  gcc gcc-7 gcc-7-base gir1.2-glib-2.0 gnupg gnupg-l10n gnupg-utils gpg
  gpg-agent gpg-wks-client gpg-wks-server gpgconf gpgsm krb5-locales
  libalgorithm-diff-perl libalgorithm-diff-xs-perl libalgorithm-merge-perl
  libapparmor1 libarchive13 libasan4 libasn1-8-heimdal libassuan0 libatomic1
  libbinutils libbsd0 libc-dev-bin libc6-dev libcc1-0 libcilkrts5 libcurl4
  libdbus-1-3 libdpkg-perl libexpat1 libexpat1-dev libfakeroot
  libfile-fcntllock-perl libgcc-7-dev libgdbm-compat4 libgdbm5
  libgirepository-1.0-1 libglib2.0-0 libglib2.0-data libgomp1 libgssapi-krb5-2
  libgssapi3-heimdal libhcrypto4-heimdal libheimbase1-heimdal
  libheimntlm0-heimdal libhx509-5-heimdal libice6 libicu60 libisl19 libitm1
  libjsoncpp1 libk5crypto3 libkeyutils1 libkrb5-26-heimdal libkrb5-3
  libkrb5support0 libksba8 libldap-2.4-2 libldap-common liblocale-gettext-perl
  liblsan0 liblzo2-2 libmagic-mgc libmagic1 libmpc3 libmpdec2 libmpfr6 libmpx2
  libnghttp2-14 libnpth0 libperl5.26 libpsl5 libpthread-stubs0-dev
  libpython3-dev libpython3-stdlib libpython3.6 libpython3.6-dev
  libpython3.6-minimal libpython3.6-stdlib libquadmath0 libreadline7 librhash0
  libroken18-heimdal librtmp1 libsasl2-2 libsasl2-modules libsasl2-modules-db
  libsqlite3-0 libssl1.1 libstdc++-7-dev libtsan0 libubsan0 libuv1
  libwind0-heimdal libx11-6 libx11-data libx11-dev libx11-doc libxau-dev
  libxau6 libxcb1 libxcb1-dev libxdmcp-dev libxdmcp6 libxml2 libxrender1
  linux-libc-dev make manpages manpages-dev mime-support multiarch-support
  netbase openssl patch perl perl-modules-5.26 pinentry-curses publicsuffix
  python-pip-whl python3-asn1crypto python3-cffi-backend python3-crypto
  python3-cryptography python3-dbus python3-distutils python3-gi python3-idna
  python3-keyring python3-keyrings.alt python3-lib2to3 python3-minimal
  python3-pkg-resources python3-secretstorage python3-setuptools python3-six
  python3-wheel python3-xdg python3.6 python3.6-dev python3.6-minimal
  readline-common shared-mime-info x11-common x11proto-core-dev x11proto-dev
  xdg-user-dirs xorg-sgml-doctools xtrans-dev xz-utils
Suggested packages:
  binutils-doc cmake-doc ninja-build cpp-doc gcc-7-locales
  default-dbus-session-bus | dbus-session-bus dbus-user-session libpam-systemd
  pinentry-gnome3 tor debian-keyring g++-multilib g++-7-multilib gcc-7-doc
  libstdc++6-7-dbg gcc-multilib autoconf automake libtool flex bison gdb
  gcc-doc gcc-7-multilib libgcc1-dbg libgomp1-dbg libitm1-dbg libatomic1-dbg
  libasan4-dbg liblsan0-dbg libtsan0-dbg libubsan0-dbg libcilkrts5-dbg
  libmpx2-dbg libquadmath0-dbg parcimonie xloadimage scdaemon lrzip glibc-doc
  git bzr gdbm-l10n krb5-doc krb5-user libsasl2-modules-gssapi-mit
  | libsasl2-modules-gssapi-heimdal libsasl2-modules-ldap libsasl2-modules-otp
  libsasl2-modules-sql libstdc++-7-doc libxcb-doc make-doc man-browser ed
  diffutils-doc perl-doc libterm-readline-gnu-perl
  | libterm-readline-perl-perl pinentry-doc python3-doc python3-tk
  python3-venv python-crypto-doc python-cryptography-doc
  python3-cryptography-vectors python-dbus-doc python3-dbus-dbg gnome-keyring
  libkf5wallet-bin gir1.2-gnomekeyring-1.0 python-secretstorage-doc
  python-setuptools-doc python3.6-venv python3.6-doc binfmt-support
  readline-doc
The following NEW packages will be installed:
  binutils binutils-common binutils-x86-64-linux-gnu build-essential
  ca-certificates cmake cmake-data cpp cpp-7 dbus dh-python dirmngr dpkg-dev
  fakeroot file g++ g++-7 gcc gcc-7 gcc-7-base gir1.2-glib-2.0 gnupg
  gnupg-l10n gnupg-utils gpg gpg-agent gpg-wks-client gpg-wks-server gpgconf
  gpgsm krb5-locales libalgorithm-diff-perl libalgorithm-diff-xs-perl
  libalgorithm-merge-perl libapparmor1 libarchive13 libasan4 libasn1-8-heimdal
  libassuan0 libatomic1 libbinutils libbsd0 libc-dev-bin libc6-dev libcc1-0
  libcilkrts5 libcurl4 libdbus-1-3 libdpkg-perl libexpat1 libexpat1-dev
  libfakeroot libfile-fcntllock-perl libgcc-7-dev libgdbm-compat4 libgdbm5
  libgirepository-1.0-1 libglib2.0-0 libglib2.0-data libgomp1 libgssapi-krb5-2
  libgssapi3-heimdal libhcrypto4-heimdal libheimbase1-heimdal
  libheimntlm0-heimdal libhx509-5-heimdal libice6 libicu60 libisl19 libitm1
  libjsoncpp1 libk5crypto3 libkeyutils1 libkrb5-26-heimdal libkrb5-3
  libkrb5support0 libksba8 libldap-2.4-2 libldap-common liblocale-gettext-perl
  liblsan0 liblzo2-2 libmagic-mgc libmagic1 libmpc3 libmpdec2 libmpfr6 libmpx2
  libnghttp2-14 libnpth0 libperl5.26 libpsl5 libpthread-stubs0-dev
  libpython3-dev libpython3-stdlib libpython3.6 libpython3.6-dev
  libpython3.6-minimal libpython3.6-stdlib libquadmath0 libreadline7 librhash0
  libroken18-heimdal librtmp1 libsasl2-2 libsasl2-modules libsasl2-modules-db
  libsm6 libsqlite3-0 libssl1.1 libstdc++-7-dev libtsan0 libubsan0 libuv1
  libwind0-heimdal libx11-6 libx11-data libx11-dev libx11-doc libxau-dev
  libxau6 libxcb1 libxcb1-dev libxdmcp-dev libxdmcp6 libxext6 libxml2
  libxrender-dev libxrender1 linux-libc-dev make manpages manpages-dev
  mime-support multiarch-support netbase openssl patch perl perl-modules-5.26
  pinentry-curses publicsuffix python-pip-whl python3 python3-asn1crypto
  python3-cffi-backend python3-crypto python3-cryptography python3-dbus
  python3-dev python3-distutils python3-gi python3-idna python3-keyring
  python3-keyrings.alt python3-lib2to3 python3-minimal python3-pip
  python3-pkg-resources python3-secretstorage python3-setuptools python3-six
  python3-wheel python3-xdg python3.6 python3.6-dev python3.6-minimal
  readline-common shared-mime-info x11-common x11proto-core-dev x11proto-dev
  xdg-user-dirs xorg-sgml-doctools xtrans-dev xz-utils
0 upgraded, 176 newly installed, 0 to remove and 0 not upgraded.
Need to get 127 MB of archives.
After this operation, 439 MB of additional disk space will be used.
Get:1 http://archive.ubuntu.com/ubuntu bionic/main amd64 liblocale-gettext-perl amd64 1.07-3build2 [16.6 kB]
Get:2 http://archive.ubuntu.com/ubuntu bionic-updates/main amd64 libssl1.1 amd64 1.1.1-1ubuntu2.1~18.04.4 [1300 kB]
Get:3 http://archive.ubuntu.com/ubuntu bionic-updates/main amd64 libpython3.6-minimal amd64 3.6.8-1~18.04.3 [533 kB]
Get:4 http://archive.ubuntu.com/ubuntu bionic-updates/main amd64 libexpat1 amd64 2.2.5-3ubuntu0.2 [80.5 kB]
Get:5 http://archive.ubuntu.com/ubuntu bionic-updates/main amd64 python3.6-minimal amd64 3.6.8-1~18.04.3 [1610 kB]
Get:6 http://archive.ubuntu.com/ubuntu bionic-updates/main amd64 python3-minimal amd64 3.6.7-1~18.04 [23.7 kB]
Get:7 http://archive.ubuntu.com/ubuntu bionic/main amd64 mime-support all 3.60ubuntu1 [30.1 kB]
Get:8 http://archive.ubuntu.com/ubuntu bionic/main amd64 libmpdec2 amd64 2.4.2-1ubuntu1 [84.1 kB]
Get:9 http://archive.ubuntu.com/ubuntu bionic/main amd64 readline-common all 7.0-3 [52.9 kB]
Get:10 http://archive.ubuntu.com/ubuntu bionic/main amd64 libreadline7 amd64 7.0-3 [124 kB]
Get:11 http://archive.ubuntu.com/ubuntu bionic-updates/main amd64 libsqlite3-0 amd64 3.22.0-1ubuntu0.1 [497 kB]
Get:12 http://archive.ubuntu.com/ubuntu bionic-updates/main amd64 libpython3.6-stdlib amd64 3.6.8-1~18.04.3 [1712 kB]
Get:13 http://archive.ubuntu.com/ubuntu bionic-updates/main amd64 python3.6 amd64 3.6.8-1~18.04.3 [202 kB]
Get:14 http://archive.ubuntu.com/ubuntu bionic-updates/main amd64 libpython3-stdlib amd64 3.6.7-1~18.04 [7240 B]
Get:15 http://archive.ubuntu.com/ubuntu bionic-updates/main amd64 python3 amd64 3.6.7-1~18.04 [47.2 kB]
Get:16 http://archive.ubuntu.com/ubuntu bionic/main amd64 multiarch-support amd64 2.27-3ubuntu1 [6916 B]
Get:17 http://archive.ubuntu.com/ubuntu bionic/main amd64 libxau6 amd64 1:1.0.8-1 [8376 B]
Get:18 http://archive.ubuntu.com/ubuntu bionic/main amd64 libbsd0 amd64 0.8.7-1 [41.5 kB]
Get:19 http://archive.ubuntu.com/ubuntu bionic/main amd64 libxdmcp6 amd64 1:1.1.2-3 [10.7 kB]
Get:20 http://archive.ubuntu.com/ubuntu bionic-updates/main amd64 libxcb1 amd64 1.13-2~ubuntu18.04 [45.5 kB]
Get:21 http://archive.ubuntu.com/ubuntu bionic-updates/main amd64 libx11-data all 2:1.6.4-3ubuntu0.2 [113 kB]
Get:22 http://archive.ubuntu.com/ubuntu bionic-updates/main amd64 libx11-6 amd64 2:1.6.4-3ubuntu0.2 [569 kB]
Get:23 http://archive.ubuntu.com/ubuntu bionic/main amd64 libxext6 amd64 2:1.3.3-1 [29.4 kB]
Get:24 http://archive.ubuntu.com/ubuntu bionic/main amd64 liblzo2-2 amd64 2.08-1.2 [48.7 kB]
Get:25 http://archive.ubuntu.com/ubuntu bionic-updates/main amd64 x11-common all 1:7.7+19ubuntu7.1 [22.5 kB]
Get:26 http://archive.ubuntu.com/ubuntu bionic/main amd64 libice6 amd64 2:1.0.9-2 [40.2 kB]
Get:27 http://archive.ubuntu.com/ubuntu bionic/main amd64 libsm6 amd64 2:1.2.2-1 [15.8 kB]
Get:28 http://archive.ubuntu.com/ubuntu bionic-updates/main amd64 perl-modules-5.26 all 5.26.1-6ubuntu0.3 [2763 kB]
Get:29 http://archive.ubuntu.com/ubuntu bionic/main amd64 libgdbm5 amd64 1.14.1-6 [26.0 kB]
Get:30 http://archive.ubuntu.com/ubuntu bionic/main amd64 libgdbm-compat4 amd64 1.14.1-6 [6084 B]
Get:31 http://archive.ubuntu.com/ubuntu bionic-updates/main amd64 libperl5.26 amd64 5.26.1-6ubuntu0.3 [3527 kB]
Get:32 http://archive.ubuntu.com/ubuntu bionic-updates/main amd64 perl amd64 5.26.1-6ubuntu0.3 [201 kB]
Get:33 http://archive.ubuntu.com/ubuntu bionic-updates/main amd64 openssl amd64 1.1.1-1ubuntu2.1~18.04.4 [613 kB]
Get:34 http://archive.ubuntu.com/ubuntu bionic/main amd64 ca-certificates all 20180409 [151 kB]
Get:35 http://archive.ubuntu.com/ubuntu bionic-updates/main amd64 libapparmor1 amd64 2.12-4ubuntu5.1 [31.3 kB]
Get:36 http://archive.ubuntu.com/ubuntu bionic-updates/main amd64 libdbus-1-3 amd64 1.12.2-1ubuntu1.1 [175 kB]
Get:37 http://archive.ubuntu.com/ubuntu bionic-updates/main amd64 dbus amd64 1.12.2-1ubuntu1.1 [150 kB]
Get:38 http://archive.ubuntu.com/ubuntu bionic-updates/main amd64 libmagic-mgc amd64 1:5.32-2ubuntu0.3 [184 kB]
Get:39 http://archive.ubuntu.com/ubuntu bionic-updates/main amd64 libmagic1 amd64 1:5.32-2ubuntu0.3 [68.7 kB]
Get:40 http://archive.ubuntu.com/ubuntu bionic-updates/main amd64 file amd64 1:5.32-2ubuntu0.3 [22.1 kB]
Get:41 http://archive.ubuntu.com/ubuntu bionic-updates/main amd64 libglib2.0-0 amd64 2.56.4-0ubuntu0.18.04.4 [1169 kB]
Get:42 http://archive.ubuntu.com/ubuntu bionic/main amd64 libgirepository-1.0-1 amd64 1.56.1-1 [82.0 kB]
Get:43 http://archive.ubuntu.com/ubuntu bionic/main amd64 gir1.2-glib-2.0 amd64 1.56.1-1 [131 kB]
Get:44 http://archive.ubuntu.com/ubuntu bionic-updates/main amd64 libglib2.0-data all 2.56.4-0ubuntu0.18.04.4 [4496 B]
Get:45 http://archive.ubuntu.com/ubuntu bionic/main amd64 libicu60 amd64 60.2-3ubuntu3 [8054 kB]
Get:46 http://archive.ubuntu.com/ubuntu bionic-updates/main amd64 libxml2 amd64 2.9.4+dfsg1-6.1ubuntu1.2 [663 kB]
Get:47 http://archive.ubuntu.com/ubuntu bionic/main amd64 netbase all 5.4 [12.7 kB]
Get:48 http://archive.ubuntu.com/ubuntu bionic/main amd64 python3-dbus amd64 1.2.6-1 [89.9 kB]
Get:49 http://archive.ubuntu.com/ubuntu bionic-updates/main amd64 python3-gi amd64 3.26.1-2ubuntu1 [153 kB]
Get:50 http://archive.ubuntu.com/ubuntu bionic/main amd64 shared-mime-info amd64 1.9-2 [426 kB]
Get:51 http://archive.ubuntu.com/ubuntu bionic/main amd64 xdg-user-dirs amd64 0.17-1ubuntu1 [48.0 kB]
Get:52 http://archive.ubuntu.com/ubuntu bionic/main amd64 xz-utils amd64 5.2.2-1.3 [83.8 kB]
Get:53 http://archive.ubuntu.com/ubuntu bionic-updates/main amd64 krb5-locales all 1.16-2ubuntu0.1 [13.5 kB]
Get:54 http://archive.ubuntu.com/ubuntu bionic-updates/main amd64 libkrb5support0 amd64 1.16-2ubuntu0.1 [30.9 kB]
Get:55 http://archive.ubuntu.com/ubuntu bionic-updates/main amd64 libk5crypto3 amd64 1.16-2ubuntu0.1 [85.6 kB]
Get:56 http://archive.ubuntu.com/ubuntu bionic/main amd64 libkeyutils1 amd64 1.5.9-9.2ubuntu2 [8720 B]
Get:57 http://archive.ubuntu.com/ubuntu bionic-updates/main amd64 libkrb5-3 amd64 1.16-2ubuntu0.1 [279 kB]
Get:58 http://archive.ubuntu.com/ubuntu bionic-updates/main amd64 libgssapi-krb5-2 amd64 1.16-2ubuntu0.1 [122 kB]
Get:59 http://archive.ubuntu.com/ubuntu bionic/main amd64 libpsl5 amd64 0.19.1-5build1 [41.8 kB]
Get:60 http://archive.ubuntu.com/ubuntu bionic/main amd64 manpages all 4.15-1 [1234 kB]
Get:61 http://archive.ubuntu.com/ubuntu bionic/main amd64 publicsuffix all 20180223.1310-1 [97.6 kB]
Get:62 http://archive.ubuntu.com/ubuntu bionic-updates/main amd64 binutils-common amd64 2.30-21ubuntu1~18.04.2 [193 kB]
Get:63 http://archive.ubuntu.com/ubuntu bionic-updates/main amd64 libbinutils amd64 2.30-21ubuntu1~18.04.2 [503 kB]
Get:64 http://archive.ubuntu.com/ubuntu bionic-updates/main amd64 binutils-x86-64-linux-gnu amd64 2.30-21ubuntu1~18.04.2 [1856 kB]
Get:65 http://archive.ubuntu.com/ubuntu bionic-updates/main amd64 binutils amd64 2.30-21ubuntu1~18.04.2 [3396 B]
Get:66 http://archive.ubuntu.com/ubuntu bionic/main amd64 libc-dev-bin amd64 2.27-3ubuntu1 [71.8 kB]
Get:67 http://archive.ubuntu.com/ubuntu bionic-updates/main amd64 linux-libc-dev amd64 4.15.0-66.75 [1139 kB]
Get:68 http://archive.ubuntu.com/ubuntu bionic/main amd64 libc6-dev amd64 2.27-3ubuntu1 [2587 kB]
Get:69 http://archive.ubuntu.com/ubuntu bionic-updates/main amd64 gcc-7-base amd64 7.4.0-1ubuntu1~18.04.1 [18.9 kB]
Get:70 http://archive.ubuntu.com/ubuntu bionic/main amd64 libisl19 amd64 0.19-1 [551 kB]
Get:71 http://archive.ubuntu.com/ubuntu bionic/main amd64 libmpfr6 amd64 4.0.1-1 [243 kB]
Get:72 http://archive.ubuntu.com/ubuntu bionic/main amd64 libmpc3 amd64 1.1.0-1 [40.8 kB]
Get:73 http://archive.ubuntu.com/ubuntu bionic-updates/main amd64 cpp-7 amd64 7.4.0-1ubuntu1~18.04.1 [6742 kB]
Get:74 http://archive.ubuntu.com/ubuntu bionic-updates/main amd64 cpp amd64 4:7.4.0-1ubuntu2.3 [27.7 kB]
Get:75 http://archive.ubuntu.com/ubuntu bionic-updates/main amd64 libcc1-0 amd64 8.3.0-6ubuntu1~18.04.1 [47.4 kB]
Get:76 http://archive.ubuntu.com/ubuntu bionic-updates/main amd64 libgomp1 amd64 8.3.0-6ubuntu1~18.04.1 [76.4 kB]
Get:77 http://archive.ubuntu.com/ubuntu bionic-updates/main amd64 libitm1 amd64 8.3.0-6ubuntu1~18.04.1 [28.0 kB]
Get:78 http://archive.ubuntu.com/ubuntu bionic-updates/main amd64 libatomic1 amd64 8.3.0-6ubuntu1~18.04.1 [9184 B]
Get:79 http://archive.ubuntu.com/ubuntu bionic-updates/main amd64 libasan4 amd64 7.4.0-1ubuntu1~18.04.1 [359 kB]
Get:80 http://archive.ubuntu.com/ubuntu bionic-updates/main amd64 liblsan0 amd64 8.3.0-6ubuntu1~18.04.1 [133 kB]
Get:81 http://archive.ubuntu.com/ubuntu bionic-updates/main amd64 libtsan0 amd64 8.3.0-6ubuntu1~18.04.1 [288 kB]
Get:82 http://archive.ubuntu.com/ubuntu bionic-updates/main amd64 libubsan0 amd64 7.4.0-1ubuntu1~18.04.1 [126 kB]
Get:83 http://archive.ubuntu.com/ubuntu bionic-updates/main amd64 libcilkrts5 amd64 7.4.0-1ubuntu1~18.04.1 [42.5 kB]
Get:84 http://archive.ubuntu.com/ubuntu bionic-updates/main amd64 libmpx2 amd64 8.3.0-6ubuntu1~18.04.1 [11.6 kB]
Get:85 http://archive.ubuntu.com/ubuntu bionic-updates/main amd64 libquadmath0 amd64 8.3.0-6ubuntu1~18.04.1 [133 kB]
Get:86 http://archive.ubuntu.com/ubuntu bionic-updates/main amd64 libgcc-7-dev amd64 7.4.0-1ubuntu1~18.04.1 [2381 kB]
Get:87 http://archive.ubuntu.com/ubuntu bionic-updates/main amd64 gcc-7 amd64 7.4.0-1ubuntu1~18.04.1 [7463 kB]
Get:88 http://archive.ubuntu.com/ubuntu bionic-updates/main amd64 gcc amd64 4:7.4.0-1ubuntu2.3 [5184 B]
Get:89 http://archive.ubuntu.com/ubuntu bionic-updates/main amd64 libstdc++-7-dev amd64 7.4.0-1ubuntu1~18.04.1 [1468 kB]
Get:90 http://archive.ubuntu.com/ubuntu bionic-updates/main amd64 g++-7 amd64 7.4.0-1ubuntu1~18.04.1 [7574 kB]
Get:91 http://archive.ubuntu.com/ubuntu bionic-updates/main amd64 g++ amd64 4:7.4.0-1ubuntu2.3 [1568 B]
Get:92 http://archive.ubuntu.com/ubuntu bionic/main amd64 make amd64 4.1-9.1ubuntu1 [154 kB]
Get:93 http://archive.ubuntu.com/ubuntu bionic-updates/main amd64 libdpkg-perl all 1.19.0.5ubuntu2.3 [211 kB]
Get:94 http://archive.ubuntu.com/ubuntu bionic-updates/main amd64 patch amd64 2.7.6-2ubuntu1.1 [102 kB]
Get:95 http://archive.ubuntu.com/ubuntu bionic-updates/main amd64 dpkg-dev all 1.19.0.5ubuntu2.3 [607 kB]
Get:96 http://archive.ubuntu.com/ubuntu bionic/main amd64 build-essential amd64 12.4ubuntu1 [4758 B]
Get:97 http://archive.ubuntu.com/ubuntu bionic-updates/main amd64 cmake-data all 3.10.2-1ubuntu2.18.04.1 [1332 kB]
Get:98 http://archive.ubuntu.com/ubuntu bionic-updates/main amd64 libarchive13 amd64 3.2.2-3.1ubuntu0.5 [288 kB]
Get:99 http://archive.ubuntu.com/ubuntu bionic/main amd64 libroken18-heimdal amd64 7.5.0+dfsg-1 [41.3 kB]
Get:100 http://archive.ubuntu.com/ubuntu bionic/main amd64 libasn1-8-heimdal amd64 7.5.0+dfsg-1 [175 kB]
Get:101 http://archive.ubuntu.com/ubuntu bionic/main amd64 libheimbase1-heimdal amd64 7.5.0+dfsg-1 [29.3 kB]
Get:102 http://archive.ubuntu.com/ubuntu bionic/main amd64 libhcrypto4-heimdal amd64 7.5.0+dfsg-1 [85.9 kB]
Get:103 http://archive.ubuntu.com/ubuntu bionic/main amd64 libwind0-heimdal amd64 7.5.0+dfsg-1 [47.8 kB]
Get:104 http://archive.ubuntu.com/ubuntu bionic/main amd64 libhx509-5-heimdal amd64 7.5.0+dfsg-1 [107 kB]
Get:105 http://archive.ubuntu.com/ubuntu bionic/main amd64 libkrb5-26-heimdal amd64 7.5.0+dfsg-1 [206 kB]
Get:106 http://archive.ubuntu.com/ubuntu bionic/main amd64 libheimntlm0-heimdal amd64 7.5.0+dfsg-1 [14.8 kB]
Get:107 http://archive.ubuntu.com/ubuntu bionic/main amd64 libgssapi3-heimdal amd64 7.5.0+dfsg-1 [96.5 kB]
Get:108 http://archive.ubuntu.com/ubuntu bionic/main amd64 libsasl2-modules-db amd64 2.1.27~101-g0780600+dfsg-3ubuntu2 [14.8 kB]
Get:109 http://archive.ubuntu.com/ubuntu bionic/main amd64 libsasl2-2 amd64 2.1.27~101-g0780600+dfsg-3ubuntu2 [49.2 kB]
Get:110 http://archive.ubuntu.com/ubuntu bionic-updates/main amd64 libldap-common all 2.4.45+dfsg-1ubuntu1.4 [16.9 kB]
Get:111 http://archive.ubuntu.com/ubuntu bionic-updates/main amd64 libldap-2.4-2 amd64 2.4.45+dfsg-1ubuntu1.4 [155 kB]
Get:112 http://archive.ubuntu.com/ubuntu bionic/main amd64 libnghttp2-14 amd64 1.30.0-1ubuntu1 [77.8 kB]
Get:113 http://archive.ubuntu.com/ubuntu bionic/main amd64 librtmp1 amd64 2.4+20151223.gitfa8646d.1-1 [54.2 kB]
Get:114 http://archive.ubuntu.com/ubuntu bionic-updates/main amd64 libcurl4 amd64 7.58.0-2ubuntu3.8 [214 kB]
Get:115 http://archive.ubuntu.com/ubuntu bionic/main amd64 libjsoncpp1 amd64 1.7.4-3 [73.6 kB]
Get:116 http://archive.ubuntu.com/ubuntu bionic/main amd64 librhash0 amd64 1.3.6-2 [78.1 kB]
Get:117 http://archive.ubuntu.com/ubuntu bionic/main amd64 libuv1 amd64 1.18.0-3 [64.4 kB]
Get:118 http://archive.ubuntu.com/ubuntu bionic-updates/main amd64 cmake amd64 3.10.2-1ubuntu2.18.04.1 [3152 kB]
Get:119 http://archive.ubuntu.com/ubuntu bionic-updates/main amd64 python3-lib2to3 all 3.6.9-1~18.04 [77.4 kB]
Get:120 http://archive.ubuntu.com/ubuntu bionic-updates/main amd64 python3-distutils all 3.6.9-1~18.04 [144 kB]
Get:121 http://archive.ubuntu.com/ubuntu bionic/main amd64 dh-python all 3.20180325ubuntu2 [89.2 kB]
Get:122 http://archive.ubuntu.com/ubuntu bionic/main amd64 libassuan0 amd64 2.5.1-2 [35.0 kB]
Get:123 http://archive.ubuntu.com/ubuntu bionic-updates/main amd64 gpgconf amd64 2.2.4-1ubuntu1.2 [123 kB]
Get:124 http://archive.ubuntu.com/ubuntu bionic/main amd64 libksba8 amd64 1.3.5-2 [92.6 kB]
Get:125 http://archive.ubuntu.com/ubuntu bionic/main amd64 libnpth0 amd64 1.5-3 [7668 B]
Get:126 http://archive.ubuntu.com/ubuntu bionic-updates/main amd64 dirmngr amd64 2.2.4-1ubuntu1.2 [316 kB]
Get:127 http://archive.ubuntu.com/ubuntu bionic/main amd64 libfakeroot amd64 1.22-2ubuntu1 [25.9 kB]
Get:128 http://archive.ubuntu.com/ubuntu bionic/main amd64 fakeroot amd64 1.22-2ubuntu1 [62.3 kB]
Get:129 http://archive.ubuntu.com/ubuntu bionic-updates/main amd64 gnupg-l10n all 2.2.4-1ubuntu1.2 [49.6 kB]
Get:130 http://archive.ubuntu.com/ubuntu bionic-updates/main amd64 gnupg-utils amd64 2.2.4-1ubuntu1.2 [127 kB]
Get:131 http://archive.ubuntu.com/ubuntu bionic-updates/main amd64 gpg amd64 2.2.4-1ubuntu1.2 [467 kB]
Get:132 http://archive.ubuntu.com/ubuntu bionic/main amd64 pinentry-curses amd64 1.1.0-1 [35.8 kB]
Get:133 http://archive.ubuntu.com/ubuntu bionic-updates/main amd64 gpg-agent amd64 2.2.4-1ubuntu1.2 [227 kB]
Get:134 http://archive.ubuntu.com/ubuntu bionic-updates/main amd64 gpg-wks-client amd64 2.2.4-1ubuntu1.2 [91.9 kB]
Get:135 http://archive.ubuntu.com/ubuntu bionic-updates/main amd64 gpg-wks-server amd64 2.2.4-1ubuntu1.2 [84.9 kB]
Get:136 http://archive.ubuntu.com/ubuntu bionic-updates/main amd64 gpgsm amd64 2.2.4-1ubuntu1.2 [215 kB]
Get:137 http://archive.ubuntu.com/ubuntu bionic-updates/main amd64 gnupg amd64 2.2.4-1ubuntu1.2 [249 kB]
Get:138 http://archive.ubuntu.com/ubuntu bionic/main amd64 libalgorithm-diff-perl all 1.19.03-1 [47.6 kB]
Get:139 http://archive.ubuntu.com/ubuntu bionic/main amd64 libalgorithm-diff-xs-perl amd64 0.04-5 [11.1 kB]
Get:140 http://archive.ubuntu.com/ubuntu bionic/main amd64 libalgorithm-merge-perl all 0.08-3 [12.0 kB]
Get:141 http://archive.ubuntu.com/ubuntu bionic-updates/main amd64 libexpat1-dev amd64 2.2.5-3ubuntu0.2 [122 kB]
Get:142 http://archive.ubuntu.com/ubuntu bionic/main amd64 libfile-fcntllock-perl amd64 0.22-3build2 [33.2 kB]
Get:143 http://archive.ubuntu.com/ubuntu bionic/main amd64 libpthread-stubs0-dev amd64 0.3-4 [4068 B]
Get:144 http://archive.ubuntu.com/ubuntu bionic-updates/main amd64 libpython3.6 amd64 3.6.8-1~18.04.3 [1415 kB]
Get:145 http://archive.ubuntu.com/ubuntu bionic-updates/main amd64 libpython3.6-dev amd64 3.6.8-1~18.04.3 [44.8 MB]
Get:146 http://archive.ubuntu.com/ubuntu bionic-updates/main amd64 libpython3-dev amd64 3.6.7-1~18.04 [7328 B]
Get:147 http://archive.ubuntu.com/ubuntu bionic/main amd64 libsasl2-modules amd64 2.1.27~101-g0780600+dfsg-3ubuntu2 [48.7 kB]
Get:148 http://archive.ubuntu.com/ubuntu bionic/main amd64 xorg-sgml-doctools all 1:1.11-1 [12.9 kB]
Get:149 http://archive.ubuntu.com/ubuntu bionic/main amd64 x11proto-dev all 2018.4-4 [251 kB]
Get:150 http://archive.ubuntu.com/ubuntu bionic/main amd64 x11proto-core-dev all 2018.4-4 [2620 B]
Get:151 http://archive.ubuntu.com/ubuntu bionic/main amd64 libxau-dev amd64 1:1.0.8-1 [11.1 kB]
Get:152 http://archive.ubuntu.com/ubuntu bionic/main amd64 libxdmcp-dev amd64 1:1.1.2-3 [25.1 kB]
Get:153 http://archive.ubuntu.com/ubuntu bionic/main amd64 xtrans-dev all 1.3.5-1 [70.5 kB]
Get:154 http://archive.ubuntu.com/ubuntu bionic-updates/main amd64 libxcb1-dev amd64 1.13-2~ubuntu18.04 [80.0 kB]
Get:155 http://archive.ubuntu.com/ubuntu bionic-updates/main amd64 libx11-dev amd64 2:1.6.4-3ubuntu0.2 [640 kB]
Get:156 http://archive.ubuntu.com/ubuntu bionic-updates/main amd64 libx11-doc all 2:1.6.4-3ubuntu0.2 [2065 kB]
Get:157 http://archive.ubuntu.com/ubuntu bionic/main amd64 libxrender1 amd64 1:0.9.10-1 [18.7 kB]
Get:158 http://archive.ubuntu.com/ubuntu bionic/main amd64 libxrender-dev amd64 1:0.9.10-1 [24.9 kB]
Get:159 http://archive.ubuntu.com/ubuntu bionic/main amd64 manpages-dev all 4.15-1 [2217 kB]
Get:160 http://archive.ubuntu.com/ubuntu bionic-updates/universe amd64 python-pip-whl all 9.0.1-2.3~ubuntu1.18.04.1 [1653 kB]
Get:161 http://archive.ubuntu.com/ubuntu bionic/main amd64 python3-asn1crypto all 0.24.0-1 [72.8 kB]
Get:162 http://archive.ubuntu.com/ubuntu bionic/main amd64 python3-cffi-backend amd64 1.11.5-1 [64.6 kB]
Get:163 http://archive.ubuntu.com/ubuntu bionic/main amd64 python3-crypto amd64 2.6.1-8ubuntu2 [244 kB]
Get:164 http://archive.ubuntu.com/ubuntu bionic/main amd64 python3-idna all 2.6-1 [32.5 kB]
Get:165 http://archive.ubuntu.com/ubuntu bionic/main amd64 python3-six all 1.11.0-2 [11.4 kB]
Get:166 http://archive.ubuntu.com/ubuntu bionic-updates/main amd64 python3-cryptography amd64 2.1.4-1ubuntu1.3 [221 kB]
Get:167 http://archive.ubuntu.com/ubuntu bionic-updates/main amd64 python3.6-dev amd64 3.6.8-1~18.04.3 [508 kB]
Get:168 http://archive.ubuntu.com/ubuntu bionic-updates/main amd64 python3-dev amd64 3.6.7-1~18.04 [1288 B]
Get:169 http://archive.ubuntu.com/ubuntu bionic/main amd64 python3-secretstorage all 2.3.1-2 [12.1 kB]
Get:170 http://archive.ubuntu.com/ubuntu bionic/main amd64 python3-keyring all 10.6.0-1 [26.7 kB]
Get:171 http://archive.ubuntu.com/ubuntu bionic/main amd64 python3-keyrings.alt all 3.0-1 [16.6 kB]
Get:172 http://archive.ubuntu.com/ubuntu bionic-updates/universe amd64 python3-pip all 9.0.1-2.3~ubuntu1.18.04.1 [114 kB]
Get:173 http://archive.ubuntu.com/ubuntu bionic/main amd64 python3-pkg-resources all 39.0.1-2 [98.8 kB]
Get:174 http://archive.ubuntu.com/ubuntu bionic/main amd64 python3-setuptools all 39.0.1-2 [248 kB]
Get:175 http://archive.ubuntu.com/ubuntu bionic/universe amd64 python3-wheel all 0.30.0-0.2 [36.5 kB]
Get:176 http://archive.ubuntu.com/ubuntu bionic/main amd64 python3-xdg all 0.25-4ubuntu1 [31.4 kB]
<font color="#EF2929">debconf: delaying package configuration, since apt-utils is not installed</font>
Fetched 127 MB in 2min 56s (723 kB/s)
Selecting previously unselected package liblocale-gettext-perl.
(Reading database ... 4046 files and directories currently installed.)
Preparing to unpack .../liblocale-gettext-perl_1.07-3build2_amd64.deb ...
Unpacking liblocale-gettext-perl (1.07-3build2) ...
Selecting previously unselected package libssl1.1:amd64.
Preparing to unpack .../libssl1.1_1.1.1-1ubuntu2.1~18.04.4_amd64.deb ...
Unpacking libssl1.1:amd64 (1.1.1-1ubuntu2.1~18.04.4) ...
Selecting previously unselected package libpython3.6-minimal:amd64.
Preparing to unpack .../libpython3.6-minimal_3.6.8-1~18.04.3_amd64.deb ...
Unpacking libpython3.6-minimal:amd64 (3.6.8-1~18.04.3) ...
Selecting previously unselected package libexpat1:amd64.
Preparing to unpack .../libexpat1_2.2.5-3ubuntu0.2_amd64.deb ...
Unpacking libexpat1:amd64 (2.2.5-3ubuntu0.2) ...
Selecting previously unselected package python3.6-minimal.
Preparing to unpack .../python3.6-minimal_3.6.8-1~18.04.3_amd64.deb ...
Unpacking python3.6-minimal (3.6.8-1~18.04.3) ...
Setting up libssl1.1:amd64 (1.1.1-1ubuntu2.1~18.04.4) ...
debconf: unable to initialize frontend: Dialog
debconf: (TERM is not set, so the dialog frontend is not usable.)
debconf: falling back to frontend: Readline
debconf: unable to initialize frontend: Readline
debconf: (Can&apos;t locate Term/ReadLine.pm in @INC (you may need to install the Term::ReadLine module) (@INC contains: /etc/perl /usr/local/lib/x86_64-linux-gnu/perl/5.26.1 /usr/local/share/perl/5.26.1 /usr/lib/x86_64-linux-gnu/perl5/5.26 /usr/share/perl5 /usr/lib/x86_64-linux-gnu/perl/5.26 /usr/share/perl/5.26 /usr/local/lib/site_perl /usr/lib/x86_64-linux-gnu/perl-base) at /usr/share/perl5/Debconf/FrontEnd/Readline.pm line 7.)
debconf: falling back to frontend: Teletype
Setting up libpython3.6-minimal:amd64 (3.6.8-1~18.04.3) ...
Setting up libexpat1:amd64 (2.2.5-3ubuntu0.2) ...
Setting up python3.6-minimal (3.6.8-1~18.04.3) ...
Selecting previously unselected package python3-minimal.
(Reading database ... 4317 files and directories currently installed.)
Preparing to unpack .../0-python3-minimal_3.6.7-1~18.04_amd64.deb ...
Unpacking python3-minimal (3.6.7-1~18.04) ...
Selecting previously unselected package mime-support.
Preparing to unpack .../1-mime-support_3.60ubuntu1_all.deb ...
Unpacking mime-support (3.60ubuntu1) ...
Selecting previously unselected package libmpdec2:amd64.
Preparing to unpack .../2-libmpdec2_2.4.2-1ubuntu1_amd64.deb ...
Unpacking libmpdec2:amd64 (2.4.2-1ubuntu1) ...
Selecting previously unselected package readline-common.
Preparing to unpack .../3-readline-common_7.0-3_all.deb ...
Unpacking readline-common (7.0-3) ...
Selecting previously unselected package libreadline7:amd64.
Preparing to unpack .../4-libreadline7_7.0-3_amd64.deb ...
Unpacking libreadline7:amd64 (7.0-3) ...
Selecting previously unselected package libsqlite3-0:amd64.
Preparing to unpack .../5-libsqlite3-0_3.22.0-1ubuntu0.1_amd64.deb ...
Unpacking libsqlite3-0:amd64 (3.22.0-1ubuntu0.1) ...
Selecting previously unselected package libpython3.6-stdlib:amd64.
Preparing to unpack .../6-libpython3.6-stdlib_3.6.8-1~18.04.3_amd64.deb ...
Unpacking libpython3.6-stdlib:amd64 (3.6.8-1~18.04.3) ...
Selecting previously unselected package python3.6.
Preparing to unpack .../7-python3.6_3.6.8-1~18.04.3_amd64.deb ...
Unpacking python3.6 (3.6.8-1~18.04.3) ...
Selecting previously unselected package libpython3-stdlib:amd64.
Preparing to unpack .../8-libpython3-stdlib_3.6.7-1~18.04_amd64.deb ...
Unpacking libpython3-stdlib:amd64 (3.6.7-1~18.04) ...
Setting up python3-minimal (3.6.7-1~18.04) ...
Selecting previously unselected package python3.
(Reading database ... 4775 files and directories currently installed.)
Preparing to unpack .../python3_3.6.7-1~18.04_amd64.deb ...
Unpacking python3 (3.6.7-1~18.04) ...
Selecting previously unselected package multiarch-support.
Preparing to unpack .../multiarch-support_2.27-3ubuntu1_amd64.deb ...
Unpacking multiarch-support (2.27-3ubuntu1) ...
Setting up multiarch-support (2.27-3ubuntu1) ...
Selecting previously unselected package libxau6:amd64.
(Reading database ... 4812 files and directories currently installed.)
Preparing to unpack .../000-libxau6_1%3a1.0.8-1_amd64.deb ...
Unpacking libxau6:amd64 (1:1.0.8-1) ...
Selecting previously unselected package libbsd0:amd64.
Preparing to unpack .../001-libbsd0_0.8.7-1_amd64.deb ...
Unpacking libbsd0:amd64 (0.8.7-1) ...
Selecting previously unselected package libxdmcp6:amd64.
Preparing to unpack .../002-libxdmcp6_1%3a1.1.2-3_amd64.deb ...
Unpacking libxdmcp6:amd64 (1:1.1.2-3) ...
Selecting previously unselected package libxcb1:amd64.
Preparing to unpack .../003-libxcb1_1.13-2~ubuntu18.04_amd64.deb ...
Unpacking libxcb1:amd64 (1.13-2~ubuntu18.04) ...
Selecting previously unselected package libx11-data.
Preparing to unpack .../004-libx11-data_2%3a1.6.4-3ubuntu0.2_all.deb ...
Unpacking libx11-data (2:1.6.4-3ubuntu0.2) ...
Selecting previously unselected package libx11-6:amd64.
Preparing to unpack .../005-libx11-6_2%3a1.6.4-3ubuntu0.2_amd64.deb ...
Unpacking libx11-6:amd64 (2:1.6.4-3ubuntu0.2) ...
Selecting previously unselected package libxext6:amd64.
Preparing to unpack .../006-libxext6_2%3a1.3.3-1_amd64.deb ...
Unpacking libxext6:amd64 (2:1.3.3-1) ...
Selecting previously unselected package liblzo2-2:amd64.
Preparing to unpack .../007-liblzo2-2_2.08-1.2_amd64.deb ...
Unpacking liblzo2-2:amd64 (2.08-1.2) ...
Selecting previously unselected package x11-common.
Preparing to unpack .../008-x11-common_1%3a7.7+19ubuntu7.1_all.deb ...
dpkg-query: no packages found matching nux-tools
Unpacking x11-common (1:7.7+19ubuntu7.1) ...
Selecting previously unselected package libice6:amd64.
Preparing to unpack .../009-libice6_2%3a1.0.9-2_amd64.deb ...
Unpacking libice6:amd64 (2:1.0.9-2) ...
Selecting previously unselected package libsm6:amd64.
Preparing to unpack .../010-libsm6_2%3a1.2.2-1_amd64.deb ...
Unpacking libsm6:amd64 (2:1.2.2-1) ...
Selecting previously unselected package perl-modules-5.26.
Preparing to unpack .../011-perl-modules-5.26_5.26.1-6ubuntu0.3_all.deb ...
Unpacking perl-modules-5.26 (5.26.1-6ubuntu0.3) ...
Selecting previously unselected package libgdbm5:amd64.
Preparing to unpack .../012-libgdbm5_1.14.1-6_amd64.deb ...
Unpacking libgdbm5:amd64 (1.14.1-6) ...
Selecting previously unselected package libgdbm-compat4:amd64.
Preparing to unpack .../013-libgdbm-compat4_1.14.1-6_amd64.deb ...
Unpacking libgdbm-compat4:amd64 (1.14.1-6) ...
Selecting previously unselected package libperl5.26:amd64.
Preparing to unpack .../014-libperl5.26_5.26.1-6ubuntu0.3_amd64.deb ...
Unpacking libperl5.26:amd64 (5.26.1-6ubuntu0.3) ...
Selecting previously unselected package perl.
Preparing to unpack .../015-perl_5.26.1-6ubuntu0.3_amd64.deb ...
Unpacking perl (5.26.1-6ubuntu0.3) ...
Selecting previously unselected package openssl.
Preparing to unpack .../016-openssl_1.1.1-1ubuntu2.1~18.04.4_amd64.deb ...
Unpacking openssl (1.1.1-1ubuntu2.1~18.04.4) ...
Selecting previously unselected package ca-certificates.
Preparing to unpack .../017-ca-certificates_20180409_all.deb ...
Unpacking ca-certificates (20180409) ...
Selecting previously unselected package libapparmor1:amd64.
Preparing to unpack .../018-libapparmor1_2.12-4ubuntu5.1_amd64.deb ...
Unpacking libapparmor1:amd64 (2.12-4ubuntu5.1) ...
Selecting previously unselected package libdbus-1-3:amd64.
Preparing to unpack .../019-libdbus-1-3_1.12.2-1ubuntu1.1_amd64.deb ...
Unpacking libdbus-1-3:amd64 (1.12.2-1ubuntu1.1) ...
Selecting previously unselected package dbus.
Preparing to unpack .../020-dbus_1.12.2-1ubuntu1.1_amd64.deb ...
Unpacking dbus (1.12.2-1ubuntu1.1) ...
Selecting previously unselected package libmagic-mgc.
Preparing to unpack .../021-libmagic-mgc_1%3a5.32-2ubuntu0.3_amd64.deb ...
Unpacking libmagic-mgc (1:5.32-2ubuntu0.3) ...
Selecting previously unselected package libmagic1:amd64.
Preparing to unpack .../022-libmagic1_1%3a5.32-2ubuntu0.3_amd64.deb ...
Unpacking libmagic1:amd64 (1:5.32-2ubuntu0.3) ...
Selecting previously unselected package file.
Preparing to unpack .../023-file_1%3a5.32-2ubuntu0.3_amd64.deb ...
Unpacking file (1:5.32-2ubuntu0.3) ...
Selecting previously unselected package libglib2.0-0:amd64.
Preparing to unpack .../024-libglib2.0-0_2.56.4-0ubuntu0.18.04.4_amd64.deb ...
Unpacking libglib2.0-0:amd64 (2.56.4-0ubuntu0.18.04.4) ...
Selecting previously unselected package libgirepository-1.0-1:amd64.
Preparing to unpack .../025-libgirepository-1.0-1_1.56.1-1_amd64.deb ...
Unpacking libgirepository-1.0-1:amd64 (1.56.1-1) ...
Selecting previously unselected package gir1.2-glib-2.0:amd64.
Preparing to unpack .../026-gir1.2-glib-2.0_1.56.1-1_amd64.deb ...
Unpacking gir1.2-glib-2.0:amd64 (1.56.1-1) ...
Selecting previously unselected package libglib2.0-data.
Preparing to unpack .../027-libglib2.0-data_2.56.4-0ubuntu0.18.04.4_all.deb ...
Unpacking libglib2.0-data (2.56.4-0ubuntu0.18.04.4) ...
Selecting previously unselected package libicu60:amd64.
Preparing to unpack .../028-libicu60_60.2-3ubuntu3_amd64.deb ...
Unpacking libicu60:amd64 (60.2-3ubuntu3) ...
Selecting previously unselected package libxml2:amd64.
Preparing to unpack .../029-libxml2_2.9.4+dfsg1-6.1ubuntu1.2_amd64.deb ...
Unpacking libxml2:amd64 (2.9.4+dfsg1-6.1ubuntu1.2) ...
Selecting previously unselected package netbase.
Preparing to unpack .../030-netbase_5.4_all.deb ...
Unpacking netbase (5.4) ...
Selecting previously unselected package python3-dbus.
Preparing to unpack .../031-python3-dbus_1.2.6-1_amd64.deb ...
Unpacking python3-dbus (1.2.6-1) ...
Selecting previously unselected package python3-gi.
Preparing to unpack .../032-python3-gi_3.26.1-2ubuntu1_amd64.deb ...
Unpacking python3-gi (3.26.1-2ubuntu1) ...
Selecting previously unselected package shared-mime-info.
Preparing to unpack .../033-shared-mime-info_1.9-2_amd64.deb ...
Unpacking shared-mime-info (1.9-2) ...
Selecting previously unselected package xdg-user-dirs.
Preparing to unpack .../034-xdg-user-dirs_0.17-1ubuntu1_amd64.deb ...
Unpacking xdg-user-dirs (0.17-1ubuntu1) ...
Selecting previously unselected package xz-utils.
Preparing to unpack .../035-xz-utils_5.2.2-1.3_amd64.deb ...
Unpacking xz-utils (5.2.2-1.3) ...
Selecting previously unselected package krb5-locales.
Preparing to unpack .../036-krb5-locales_1.16-2ubuntu0.1_all.deb ...
Unpacking krb5-locales (1.16-2ubuntu0.1) ...
Selecting previously unselected package libkrb5support0:amd64.
Preparing to unpack .../037-libkrb5support0_1.16-2ubuntu0.1_amd64.deb ...
Unpacking libkrb5support0:amd64 (1.16-2ubuntu0.1) ...
Selecting previously unselected package libk5crypto3:amd64.
Preparing to unpack .../038-libk5crypto3_1.16-2ubuntu0.1_amd64.deb ...
Unpacking libk5crypto3:amd64 (1.16-2ubuntu0.1) ...
Selecting previously unselected package libkeyutils1:amd64.
Preparing to unpack .../039-libkeyutils1_1.5.9-9.2ubuntu2_amd64.deb ...
Unpacking libkeyutils1:amd64 (1.5.9-9.2ubuntu2) ...
Selecting previously unselected package libkrb5-3:amd64.
Preparing to unpack .../040-libkrb5-3_1.16-2ubuntu0.1_amd64.deb ...
Unpacking libkrb5-3:amd64 (1.16-2ubuntu0.1) ...
Selecting previously unselected package libgssapi-krb5-2:amd64.
Preparing to unpack .../041-libgssapi-krb5-2_1.16-2ubuntu0.1_amd64.deb ...
Unpacking libgssapi-krb5-2:amd64 (1.16-2ubuntu0.1) ...
Selecting previously unselected package libpsl5:amd64.
Preparing to unpack .../042-libpsl5_0.19.1-5build1_amd64.deb ...
Unpacking libpsl5:amd64 (0.19.1-5build1) ...
Selecting previously unselected package manpages.
Preparing to unpack .../043-manpages_4.15-1_all.deb ...
Unpacking manpages (4.15-1) ...
Selecting previously unselected package publicsuffix.
Preparing to unpack .../044-publicsuffix_20180223.1310-1_all.deb ...
Unpacking publicsuffix (20180223.1310-1) ...
Selecting previously unselected package binutils-common:amd64.
Preparing to unpack .../045-binutils-common_2.30-21ubuntu1~18.04.2_amd64.deb ...
Unpacking binutils-common:amd64 (2.30-21ubuntu1~18.04.2) ...
Selecting previously unselected package libbinutils:amd64.
Preparing to unpack .../046-libbinutils_2.30-21ubuntu1~18.04.2_amd64.deb ...
Unpacking libbinutils:amd64 (2.30-21ubuntu1~18.04.2) ...
Selecting previously unselected package binutils-x86-64-linux-gnu.
Preparing to unpack .../047-binutils-x86-64-linux-gnu_2.30-21ubuntu1~18.04.2_amd64.deb ...
Unpacking binutils-x86-64-linux-gnu (2.30-21ubuntu1~18.04.2) ...
Selecting previously unselected package binutils.
Preparing to unpack .../048-binutils_2.30-21ubuntu1~18.04.2_amd64.deb ...
Unpacking binutils (2.30-21ubuntu1~18.04.2) ...
Selecting previously unselected package libc-dev-bin.
Preparing to unpack .../049-libc-dev-bin_2.27-3ubuntu1_amd64.deb ...
Unpacking libc-dev-bin (2.27-3ubuntu1) ...
Selecting previously unselected package linux-libc-dev:amd64.
Preparing to unpack .../050-linux-libc-dev_4.15.0-66.75_amd64.deb ...
Unpacking linux-libc-dev:amd64 (4.15.0-66.75) ...
Selecting previously unselected package libc6-dev:amd64.
Preparing to unpack .../051-libc6-dev_2.27-3ubuntu1_amd64.deb ...
Unpacking libc6-dev:amd64 (2.27-3ubuntu1) ...
Selecting previously unselected package gcc-7-base:amd64.
Preparing to unpack .../052-gcc-7-base_7.4.0-1ubuntu1~18.04.1_amd64.deb ...
Unpacking gcc-7-base:amd64 (7.4.0-1ubuntu1~18.04.1) ...
Selecting previously unselected package libisl19:amd64.
Preparing to unpack .../053-libisl19_0.19-1_amd64.deb ...
Unpacking libisl19:amd64 (0.19-1) ...
Selecting previously unselected package libmpfr6:amd64.
Preparing to unpack .../054-libmpfr6_4.0.1-1_amd64.deb ...
Unpacking libmpfr6:amd64 (4.0.1-1) ...
Selecting previously unselected package libmpc3:amd64.
Preparing to unpack .../055-libmpc3_1.1.0-1_amd64.deb ...
Unpacking libmpc3:amd64 (1.1.0-1) ...
Selecting previously unselected package cpp-7.
Preparing to unpack .../056-cpp-7_7.4.0-1ubuntu1~18.04.1_amd64.deb ...
Unpacking cpp-7 (7.4.0-1ubuntu1~18.04.1) ...
Selecting previously unselected package cpp.
Preparing to unpack .../057-cpp_4%3a7.4.0-1ubuntu2.3_amd64.deb ...
Unpacking cpp (4:7.4.0-1ubuntu2.3) ...
Selecting previously unselected package libcc1-0:amd64.
Preparing to unpack .../058-libcc1-0_8.3.0-6ubuntu1~18.04.1_amd64.deb ...
Unpacking libcc1-0:amd64 (8.3.0-6ubuntu1~18.04.1) ...
Selecting previously unselected package libgomp1:amd64.
Preparing to unpack .../059-libgomp1_8.3.0-6ubuntu1~18.04.1_amd64.deb ...
Unpacking libgomp1:amd64 (8.3.0-6ubuntu1~18.04.1) ...
Selecting previously unselected package libitm1:amd64.
Preparing to unpack .../060-libitm1_8.3.0-6ubuntu1~18.04.1_amd64.deb ...
Unpacking libitm1:amd64 (8.3.0-6ubuntu1~18.04.1) ...
Selecting previously unselected package libatomic1:amd64.
Preparing to unpack .../061-libatomic1_8.3.0-6ubuntu1~18.04.1_amd64.deb ...
Unpacking libatomic1:amd64 (8.3.0-6ubuntu1~18.04.1) ...
Selecting previously unselected package libasan4:amd64.
Preparing to unpack .../062-libasan4_7.4.0-1ubuntu1~18.04.1_amd64.deb ...
Unpacking libasan4:amd64 (7.4.0-1ubuntu1~18.04.1) ...
Selecting previously unselected package liblsan0:amd64.
Preparing to unpack .../063-liblsan0_8.3.0-6ubuntu1~18.04.1_amd64.deb ...
Unpacking liblsan0:amd64 (8.3.0-6ubuntu1~18.04.1) ...
Selecting previously unselected package libtsan0:amd64.
Preparing to unpack .../064-libtsan0_8.3.0-6ubuntu1~18.04.1_amd64.deb ...
Unpacking libtsan0:amd64 (8.3.0-6ubuntu1~18.04.1) ...
Selecting previously unselected package libubsan0:amd64.
Preparing to unpack .../065-libubsan0_7.4.0-1ubuntu1~18.04.1_amd64.deb ...
Unpacking libubsan0:amd64 (7.4.0-1ubuntu1~18.04.1) ...
Selecting previously unselected package libcilkrts5:amd64.
Preparing to unpack .../066-libcilkrts5_7.4.0-1ubuntu1~18.04.1_amd64.deb ...
Unpacking libcilkrts5:amd64 (7.4.0-1ubuntu1~18.04.1) ...
Selecting previously unselected package libmpx2:amd64.
Preparing to unpack .../067-libmpx2_8.3.0-6ubuntu1~18.04.1_amd64.deb ...
Unpacking libmpx2:amd64 (8.3.0-6ubuntu1~18.04.1) ...
Selecting previously unselected package libquadmath0:amd64.
Preparing to unpack .../068-libquadmath0_8.3.0-6ubuntu1~18.04.1_amd64.deb ...
Unpacking libquadmath0:amd64 (8.3.0-6ubuntu1~18.04.1) ...
Selecting previously unselected package libgcc-7-dev:amd64.
Preparing to unpack .../069-libgcc-7-dev_7.4.0-1ubuntu1~18.04.1_amd64.deb ...
Unpacking libgcc-7-dev:amd64 (7.4.0-1ubuntu1~18.04.1) ...
Selecting previously unselected package gcc-7.
Preparing to unpack .../070-gcc-7_7.4.0-1ubuntu1~18.04.1_amd64.deb ...
Unpacking gcc-7 (7.4.0-1ubuntu1~18.04.1) ...
Selecting previously unselected package gcc.
Preparing to unpack .../071-gcc_4%3a7.4.0-1ubuntu2.3_amd64.deb ...
Unpacking gcc (4:7.4.0-1ubuntu2.3) ...
Selecting previously unselected package libstdc++-7-dev:amd64.
Preparing to unpack .../072-libstdc++-7-dev_7.4.0-1ubuntu1~18.04.1_amd64.deb ...
Unpacking libstdc++-7-dev:amd64 (7.4.0-1ubuntu1~18.04.1) ...
Selecting previously unselected package g++-7.
Preparing to unpack .../073-g++-7_7.4.0-1ubuntu1~18.04.1_amd64.deb ...
Unpacking g++-7 (7.4.0-1ubuntu1~18.04.1) ...
Selecting previously unselected package g++.
Preparing to unpack .../074-g++_4%3a7.4.0-1ubuntu2.3_amd64.deb ...
Unpacking g++ (4:7.4.0-1ubuntu2.3) ...
Selecting previously unselected package make.
Preparing to unpack .../075-make_4.1-9.1ubuntu1_amd64.deb ...
Unpacking make (4.1-9.1ubuntu1) ...
Selecting previously unselected package libdpkg-perl.
Preparing to unpack .../076-libdpkg-perl_1.19.0.5ubuntu2.3_all.deb ...
Unpacking libdpkg-perl (1.19.0.5ubuntu2.3) ...
Selecting previously unselected package patch.
Preparing to unpack .../077-patch_2.7.6-2ubuntu1.1_amd64.deb ...
Unpacking patch (2.7.6-2ubuntu1.1) ...
Selecting previously unselected package dpkg-dev.
Preparing to unpack .../078-dpkg-dev_1.19.0.5ubuntu2.3_all.deb ...
Unpacking dpkg-dev (1.19.0.5ubuntu2.3) ...
Selecting previously unselected package build-essential.
Preparing to unpack .../079-build-essential_12.4ubuntu1_amd64.deb ...
Unpacking build-essential (12.4ubuntu1) ...
Selecting previously unselected package cmake-data.
Preparing to unpack .../080-cmake-data_3.10.2-1ubuntu2.18.04.1_all.deb ...
Unpacking cmake-data (3.10.2-1ubuntu2.18.04.1) ...
Selecting previously unselected package libarchive13:amd64.
Preparing to unpack .../081-libarchive13_3.2.2-3.1ubuntu0.5_amd64.deb ...
Unpacking libarchive13:amd64 (3.2.2-3.1ubuntu0.5) ...
Selecting previously unselected package libroken18-heimdal:amd64.
Preparing to unpack .../082-libroken18-heimdal_7.5.0+dfsg-1_amd64.deb ...
Unpacking libroken18-heimdal:amd64 (7.5.0+dfsg-1) ...
Selecting previously unselected package libasn1-8-heimdal:amd64.
Preparing to unpack .../083-libasn1-8-heimdal_7.5.0+dfsg-1_amd64.deb ...
Unpacking libasn1-8-heimdal:amd64 (7.5.0+dfsg-1) ...
Selecting previously unselected package libheimbase1-heimdal:amd64.
Preparing to unpack .../084-libheimbase1-heimdal_7.5.0+dfsg-1_amd64.deb ...
Unpacking libheimbase1-heimdal:amd64 (7.5.0+dfsg-1) ...
Selecting previously unselected package libhcrypto4-heimdal:amd64.
Preparing to unpack .../085-libhcrypto4-heimdal_7.5.0+dfsg-1_amd64.deb ...
Unpacking libhcrypto4-heimdal:amd64 (7.5.0+dfsg-1) ...
Selecting previously unselected package libwind0-heimdal:amd64.
Preparing to unpack .../086-libwind0-heimdal_7.5.0+dfsg-1_amd64.deb ...
Unpacking libwind0-heimdal:amd64 (7.5.0+dfsg-1) ...
Selecting previously unselected package libhx509-5-heimdal:amd64.
Preparing to unpack .../087-libhx509-5-heimdal_7.5.0+dfsg-1_amd64.deb ...
Unpacking libhx509-5-heimdal:amd64 (7.5.0+dfsg-1) ...
Selecting previously unselected package libkrb5-26-heimdal:amd64.
Preparing to unpack .../088-libkrb5-26-heimdal_7.5.0+dfsg-1_amd64.deb ...
Unpacking libkrb5-26-heimdal:amd64 (7.5.0+dfsg-1) ...
Selecting previously unselected package libheimntlm0-heimdal:amd64.
Preparing to unpack .../089-libheimntlm0-heimdal_7.5.0+dfsg-1_amd64.deb ...
Unpacking libheimntlm0-heimdal:amd64 (7.5.0+dfsg-1) ...
Selecting previously unselected package libgssapi3-heimdal:amd64.
Preparing to unpack .../090-libgssapi3-heimdal_7.5.0+dfsg-1_amd64.deb ...
Unpacking libgssapi3-heimdal:amd64 (7.5.0+dfsg-1) ...
Selecting previously unselected package libsasl2-modules-db:amd64.
Preparing to unpack .../091-libsasl2-modules-db_2.1.27~101-g0780600+dfsg-3ubuntu2_amd64.deb ...
Unpacking libsasl2-modules-db:amd64 (2.1.27~101-g0780600+dfsg-3ubuntu2) ...
Selecting previously unselected package libsasl2-2:amd64.
Preparing to unpack .../092-libsasl2-2_2.1.27~101-g0780600+dfsg-3ubuntu2_amd64.deb ...
Unpacking libsasl2-2:amd64 (2.1.27~101-g0780600+dfsg-3ubuntu2) ...
Selecting previously unselected package libldap-common.
Preparing to unpack .../093-libldap-common_2.4.45+dfsg-1ubuntu1.4_all.deb ...
Unpacking libldap-common (2.4.45+dfsg-1ubuntu1.4) ...
Selecting previously unselected package libldap-2.4-2:amd64.
Preparing to unpack .../094-libldap-2.4-2_2.4.45+dfsg-1ubuntu1.4_amd64.deb ...
Unpacking libldap-2.4-2:amd64 (2.4.45+dfsg-1ubuntu1.4) ...
Selecting previously unselected package libnghttp2-14:amd64.
Preparing to unpack .../095-libnghttp2-14_1.30.0-1ubuntu1_amd64.deb ...
Unpacking libnghttp2-14:amd64 (1.30.0-1ubuntu1) ...
Selecting previously unselected package librtmp1:amd64.
Preparing to unpack .../096-librtmp1_2.4+20151223.gitfa8646d.1-1_amd64.deb ...
Unpacking librtmp1:amd64 (2.4+20151223.gitfa8646d.1-1) ...
Selecting previously unselected package libcurl4:amd64.
Preparing to unpack .../097-libcurl4_7.58.0-2ubuntu3.8_amd64.deb ...
Unpacking libcurl4:amd64 (7.58.0-2ubuntu3.8) ...
Selecting previously unselected package libjsoncpp1:amd64.
Preparing to unpack .../098-libjsoncpp1_1.7.4-3_amd64.deb ...
Unpacking libjsoncpp1:amd64 (1.7.4-3) ...
Selecting previously unselected package librhash0:amd64.
Preparing to unpack .../099-librhash0_1.3.6-2_amd64.deb ...
Unpacking librhash0:amd64 (1.3.6-2) ...
Selecting previously unselected package libuv1:amd64.
Preparing to unpack .../100-libuv1_1.18.0-3_amd64.deb ...
Unpacking libuv1:amd64 (1.18.0-3) ...
Selecting previously unselected package cmake.
Preparing to unpack .../101-cmake_3.10.2-1ubuntu2.18.04.1_amd64.deb ...
Unpacking cmake (3.10.2-1ubuntu2.18.04.1) ...
Selecting previously unselected package python3-lib2to3.
Preparing to unpack .../102-python3-lib2to3_3.6.9-1~18.04_all.deb ...
Unpacking python3-lib2to3 (3.6.9-1~18.04) ...
Selecting previously unselected package python3-distutils.
Preparing to unpack .../103-python3-distutils_3.6.9-1~18.04_all.deb ...
Unpacking python3-distutils (3.6.9-1~18.04) ...
Selecting previously unselected package dh-python.
Preparing to unpack .../104-dh-python_3.20180325ubuntu2_all.deb ...
Unpacking dh-python (3.20180325ubuntu2) ...
Selecting previously unselected package libassuan0:amd64.
Preparing to unpack .../105-libassuan0_2.5.1-2_amd64.deb ...
Unpacking libassuan0:amd64 (2.5.1-2) ...
Selecting previously unselected package gpgconf.
Preparing to unpack .../106-gpgconf_2.2.4-1ubuntu1.2_amd64.deb ...
Unpacking gpgconf (2.2.4-1ubuntu1.2) ...
Selecting previously unselected package libksba8:amd64.
Preparing to unpack .../107-libksba8_1.3.5-2_amd64.deb ...
Unpacking libksba8:amd64 (1.3.5-2) ...
Selecting previously unselected package libnpth0:amd64.
Preparing to unpack .../108-libnpth0_1.5-3_amd64.deb ...
Unpacking libnpth0:amd64 (1.5-3) ...
Selecting previously unselected package dirmngr.
Preparing to unpack .../109-dirmngr_2.2.4-1ubuntu1.2_amd64.deb ...
Unpacking dirmngr (2.2.4-1ubuntu1.2) ...
Selecting previously unselected package libfakeroot:amd64.
Preparing to unpack .../110-libfakeroot_1.22-2ubuntu1_amd64.deb ...
Unpacking libfakeroot:amd64 (1.22-2ubuntu1) ...
Selecting previously unselected package fakeroot.
Preparing to unpack .../111-fakeroot_1.22-2ubuntu1_amd64.deb ...
Unpacking fakeroot (1.22-2ubuntu1) ...
Selecting previously unselected package gnupg-l10n.
Preparing to unpack .../112-gnupg-l10n_2.2.4-1ubuntu1.2_all.deb ...
Unpacking gnupg-l10n (2.2.4-1ubuntu1.2) ...
Selecting previously unselected package gnupg-utils.
Preparing to unpack .../113-gnupg-utils_2.2.4-1ubuntu1.2_amd64.deb ...
Unpacking gnupg-utils (2.2.4-1ubuntu1.2) ...
Selecting previously unselected package gpg.
Preparing to unpack .../114-gpg_2.2.4-1ubuntu1.2_amd64.deb ...
Unpacking gpg (2.2.4-1ubuntu1.2) ...
Selecting previously unselected package pinentry-curses.
Preparing to unpack .../115-pinentry-curses_1.1.0-1_amd64.deb ...
Unpacking pinentry-curses (1.1.0-1) ...
Selecting previously unselected package gpg-agent.
Preparing to unpack .../116-gpg-agent_2.2.4-1ubuntu1.2_amd64.deb ...
Unpacking gpg-agent (2.2.4-1ubuntu1.2) ...
Selecting previously unselected package gpg-wks-client.
Preparing to unpack .../117-gpg-wks-client_2.2.4-1ubuntu1.2_amd64.deb ...
Unpacking gpg-wks-client (2.2.4-1ubuntu1.2) ...
Selecting previously unselected package gpg-wks-server.
Preparing to unpack .../118-gpg-wks-server_2.2.4-1ubuntu1.2_amd64.deb ...
Unpacking gpg-wks-server (2.2.4-1ubuntu1.2) ...
Selecting previously unselected package gpgsm.
Preparing to unpack .../119-gpgsm_2.2.4-1ubuntu1.2_amd64.deb ...
Unpacking gpgsm (2.2.4-1ubuntu1.2) ...
Selecting previously unselected package gnupg.
Preparing to unpack .../120-gnupg_2.2.4-1ubuntu1.2_amd64.deb ...
Unpacking gnupg (2.2.4-1ubuntu1.2) ...
Selecting previously unselected package libalgorithm-diff-perl.
Preparing to unpack .../121-libalgorithm-diff-perl_1.19.03-1_all.deb ...
Unpacking libalgorithm-diff-perl (1.19.03-1) ...
Selecting previously unselected package libalgorithm-diff-xs-perl.
Preparing to unpack .../122-libalgorithm-diff-xs-perl_0.04-5_amd64.deb ...
Unpacking libalgorithm-diff-xs-perl (0.04-5) ...
Selecting previously unselected package libalgorithm-merge-perl.
Preparing to unpack .../123-libalgorithm-merge-perl_0.08-3_all.deb ...
Unpacking libalgorithm-merge-perl (0.08-3) ...
Selecting previously unselected package libexpat1-dev:amd64.
Preparing to unpack .../124-libexpat1-dev_2.2.5-3ubuntu0.2_amd64.deb ...
Unpacking libexpat1-dev:amd64 (2.2.5-3ubuntu0.2) ...
Selecting previously unselected package libfile-fcntllock-perl.
Preparing to unpack .../125-libfile-fcntllock-perl_0.22-3build2_amd64.deb ...
Unpacking libfile-fcntllock-perl (0.22-3build2) ...
Selecting previously unselected package libpthread-stubs0-dev:amd64.
Preparing to unpack .../126-libpthread-stubs0-dev_0.3-4_amd64.deb ...
Unpacking libpthread-stubs0-dev:amd64 (0.3-4) ...
Selecting previously unselected package libpython3.6:amd64.
Preparing to unpack .../127-libpython3.6_3.6.8-1~18.04.3_amd64.deb ...
Unpacking libpython3.6:amd64 (3.6.8-1~18.04.3) ...
Selecting previously unselected package libpython3.6-dev:amd64.
Preparing to unpack .../128-libpython3.6-dev_3.6.8-1~18.04.3_amd64.deb ...
Unpacking libpython3.6-dev:amd64 (3.6.8-1~18.04.3) ...
Selecting previously unselected package libpython3-dev:amd64.
Preparing to unpack .../129-libpython3-dev_3.6.7-1~18.04_amd64.deb ...
Unpacking libpython3-dev:amd64 (3.6.7-1~18.04) ...
Selecting previously unselected package libsasl2-modules:amd64.
Preparing to unpack .../130-libsasl2-modules_2.1.27~101-g0780600+dfsg-3ubuntu2_amd64.deb ...
Unpacking libsasl2-modules:amd64 (2.1.27~101-g0780600+dfsg-3ubuntu2) ...
Selecting previously unselected package xorg-sgml-doctools.
Preparing to unpack .../131-xorg-sgml-doctools_1%3a1.11-1_all.deb ...
Unpacking xorg-sgml-doctools (1:1.11-1) ...
Selecting previously unselected package x11proto-dev.
Preparing to unpack .../132-x11proto-dev_2018.4-4_all.deb ...
Unpacking x11proto-dev (2018.4-4) ...
Selecting previously unselected package x11proto-core-dev.
Preparing to unpack .../133-x11proto-core-dev_2018.4-4_all.deb ...
Unpacking x11proto-core-dev (2018.4-4) ...
Selecting previously unselected package libxau-dev:amd64.
Preparing to unpack .../134-libxau-dev_1%3a1.0.8-1_amd64.deb ...
Unpacking libxau-dev:amd64 (1:1.0.8-1) ...
Selecting previously unselected package libxdmcp-dev:amd64.
Preparing to unpack .../135-libxdmcp-dev_1%3a1.1.2-3_amd64.deb ...
Unpacking libxdmcp-dev:amd64 (1:1.1.2-3) ...
Selecting previously unselected package xtrans-dev.
Preparing to unpack .../136-xtrans-dev_1.3.5-1_all.deb ...
Unpacking xtrans-dev (1.3.5-1) ...
Selecting previously unselected package libxcb1-dev:amd64.
Preparing to unpack .../137-libxcb1-dev_1.13-2~ubuntu18.04_amd64.deb ...
Unpacking libxcb1-dev:amd64 (1.13-2~ubuntu18.04) ...
Selecting previously unselected package libx11-dev:amd64.
Preparing to unpack .../138-libx11-dev_2%3a1.6.4-3ubuntu0.2_amd64.deb ...
Unpacking libx11-dev:amd64 (2:1.6.4-3ubuntu0.2) ...
Selecting previously unselected package libx11-doc.
Preparing to unpack .../139-libx11-doc_2%3a1.6.4-3ubuntu0.2_all.deb ...
Unpacking libx11-doc (2:1.6.4-3ubuntu0.2) ...
Selecting previously unselected package libxrender1:amd64.
Preparing to unpack .../140-libxrender1_1%3a0.9.10-1_amd64.deb ...
Unpacking libxrender1:amd64 (1:0.9.10-1) ...
Selecting previously unselected package libxrender-dev:amd64.
Preparing to unpack .../141-libxrender-dev_1%3a0.9.10-1_amd64.deb ...
Unpacking libxrender-dev:amd64 (1:0.9.10-1) ...
Selecting previously unselected package manpages-dev.
Preparing to unpack .../142-manpages-dev_4.15-1_all.deb ...
Unpacking manpages-dev (4.15-1) ...
Selecting previously unselected package python-pip-whl.
Preparing to unpack .../143-python-pip-whl_9.0.1-2.3~ubuntu1.18.04.1_all.deb ...
Unpacking python-pip-whl (9.0.1-2.3~ubuntu1.18.04.1) ...
Selecting previously unselected package python3-asn1crypto.
Preparing to unpack .../144-python3-asn1crypto_0.24.0-1_all.deb ...
Unpacking python3-asn1crypto (0.24.0-1) ...
Selecting previously unselected package python3-cffi-backend.
Preparing to unpack .../145-python3-cffi-backend_1.11.5-1_amd64.deb ...
Unpacking python3-cffi-backend (1.11.5-1) ...
Selecting previously unselected package python3-crypto.
Preparing to unpack .../146-python3-crypto_2.6.1-8ubuntu2_amd64.deb ...
Unpacking python3-crypto (2.6.1-8ubuntu2) ...
Selecting previously unselected package python3-idna.
Preparing to unpack .../147-python3-idna_2.6-1_all.deb ...
Unpacking python3-idna (2.6-1) ...
Selecting previously unselected package python3-six.
Preparing to unpack .../148-python3-six_1.11.0-2_all.deb ...
Unpacking python3-six (1.11.0-2) ...
Selecting previously unselected package python3-cryptography.
Preparing to unpack .../149-python3-cryptography_2.1.4-1ubuntu1.3_amd64.deb ...
Unpacking python3-cryptography (2.1.4-1ubuntu1.3) ...
Selecting previously unselected package python3.6-dev.
Preparing to unpack .../150-python3.6-dev_3.6.8-1~18.04.3_amd64.deb ...
Unpacking python3.6-dev (3.6.8-1~18.04.3) ...
Selecting previously unselected package python3-dev.
Preparing to unpack .../151-python3-dev_3.6.7-1~18.04_amd64.deb ...
Unpacking python3-dev (3.6.7-1~18.04) ...
Selecting previously unselected package python3-secretstorage.
Preparing to unpack .../152-python3-secretstorage_2.3.1-2_all.deb ...
Unpacking python3-secretstorage (2.3.1-2) ...
Selecting previously unselected package python3-keyring.
Preparing to unpack .../153-python3-keyring_10.6.0-1_all.deb ...
Unpacking python3-keyring (10.6.0-1) ...
Selecting previously unselected package python3-keyrings.alt.
Preparing to unpack .../154-python3-keyrings.alt_3.0-1_all.deb ...
Unpacking python3-keyrings.alt (3.0-1) ...
Selecting previously unselected package python3-pip.
Preparing to unpack .../155-python3-pip_9.0.1-2.3~ubuntu1.18.04.1_all.deb ...
Unpacking python3-pip (9.0.1-2.3~ubuntu1.18.04.1) ...
Selecting previously unselected package python3-pkg-resources.
Preparing to unpack .../156-python3-pkg-resources_39.0.1-2_all.deb ...
Unpacking python3-pkg-resources (39.0.1-2) ...
Selecting previously unselected package python3-setuptools.
Preparing to unpack .../157-python3-setuptools_39.0.1-2_all.deb ...
Unpacking python3-setuptools (39.0.1-2) ...
Selecting previously unselected package python3-wheel.
Preparing to unpack .../158-python3-wheel_0.30.0-0.2_all.deb ...
Unpacking python3-wheel (0.30.0-0.2) ...
Selecting previously unselected package python3-xdg.
Preparing to unpack .../159-python3-xdg_0.25-4ubuntu1_all.deb ...
Unpacking python3-xdg (0.25-4ubuntu1) ...
Setting up libquadmath0:amd64 (8.3.0-6ubuntu1~18.04.1) ...
Setting up libnpth0:amd64 (1.5-3) ...
Setting up libgomp1:amd64 (8.3.0-6ubuntu1~18.04.1) ...
Setting up libatomic1:amd64 (8.3.0-6ubuntu1~18.04.1) ...
Setting up readline-common (7.0-3) ...
Setting up manpages (4.15-1) ...
Setting up libicu60:amd64 (60.2-3ubuntu3) ...
Setting up libcc1-0:amd64 (8.3.0-6ubuntu1~18.04.1) ...
Setting up make (4.1-9.1ubuntu1) ...
Setting up libnghttp2-14:amd64 (1.30.0-1ubuntu1) ...
Setting up mime-support (3.60ubuntu1) ...
Setting up libldap-common (2.4.45+dfsg-1ubuntu1.4) ...
Setting up libpthread-stubs0-dev:amd64 (0.3-4) ...
Setting up libuv1:amd64 (1.18.0-3) ...
Setting up libreadline7:amd64 (7.0-3) ...
Setting up libpsl5:amd64 (0.19.1-5build1) ...
Setting up libtsan0:amd64 (8.3.0-6ubuntu1~18.04.1) ...
Setting up libglib2.0-0:amd64 (2.56.4-0ubuntu0.18.04.4) ...
No schema files found: doing nothing.
Setting up xorg-sgml-doctools (1:1.11-1) ...
Setting up libsasl2-modules-db:amd64 (2.1.27~101-g0780600+dfsg-3ubuntu2) ...
Setting up linux-libc-dev:amd64 (4.15.0-66.75) ...
Setting up libmpfr6:amd64 (4.0.1-1) ...
Setting up libsasl2-2:amd64 (2.1.27~101-g0780600+dfsg-3ubuntu2) ...
Setting up cmake-data (3.10.2-1ubuntu2.18.04.1) ...
Setting up libroken18-heimdal:amd64 (7.5.0+dfsg-1) ...
Setting up libksba8:amd64 (1.3.5-2) ...
Setting up librtmp1:amd64 (2.4+20151223.gitfa8646d.1-1) ...
Setting up perl-modules-5.26 (5.26.1-6ubuntu0.3) ...
Setting up libgdbm5:amd64 (1.14.1-6) ...
Setting up libbsd0:amd64 (0.8.7-1) ...
Setting up libkrb5support0:amd64 (1.16-2ubuntu0.1) ...
Setting up libgirepository-1.0-1:amd64 (1.56.1-1) ...
Setting up libxml2:amd64 (2.9.4+dfsg1-6.1ubuntu1.2) ...
Setting up x11proto-dev (2018.4-4) ...
Setting up libmagic-mgc (1:5.32-2ubuntu0.3) ...
Setting up gnupg-l10n (2.2.4-1ubuntu1.2) ...
Setting up libmagic1:amd64 (1:5.32-2ubuntu0.3) ...
Setting up librhash0:amd64 (1.3.6-2) ...
Setting up liblsan0:amd64 (8.3.0-6ubuntu1~18.04.1) ...
Setting up gcc-7-base:amd64 (7.4.0-1ubuntu1~18.04.1) ...
Setting up binutils-common:amd64 (2.30-21ubuntu1~18.04.2) ...
Setting up libmpx2:amd64 (8.3.0-6ubuntu1~18.04.1) ...
Setting up xtrans-dev (1.3.5-1) ...
Setting up gir1.2-glib-2.0:amd64 (1.56.1-1) ...
Setting up patch (2.7.6-2ubuntu1.1) ...
Setting up libglib2.0-data (2.56.4-0ubuntu0.18.04.4) ...
Setting up krb5-locales (1.16-2ubuntu0.1) ...
Setting up publicsuffix (20180223.1310-1) ...
Setting up libapparmor1:amd64 (2.12-4ubuntu5.1) ...
Setting up xz-utils (5.2.2-1.3) ...
update-alternatives: using /usr/bin/xz to provide /usr/bin/lzma (lzma) in auto mode
update-alternatives: warning: skip creation of /usr/share/man/man1/lzma.1.gz because associated file /usr/share/man/man1/xz.1.gz (of link group lzma) doesn&apos;t exist
update-alternatives: warning: skip creation of /usr/share/man/man1/unlzma.1.gz because associated file /usr/share/man/man1/unxz.1.gz (of link group lzma) doesn&apos;t exist
update-alternatives: warning: skip creation of /usr/share/man/man1/lzcat.1.gz because associated file /usr/share/man/man1/xzcat.1.gz (of link group lzma) doesn&apos;t exist
update-alternatives: warning: skip creation of /usr/share/man/man1/lzmore.1.gz because associated file /usr/share/man/man1/xzmore.1.gz (of link group lzma) doesn&apos;t exist
update-alternatives: warning: skip creation of /usr/share/man/man1/lzless.1.gz because associated file /usr/share/man/man1/xzless.1.gz (of link group lzma) doesn&apos;t exist
update-alternatives: warning: skip creation of /usr/share/man/man1/lzdiff.1.gz because associated file /usr/share/man/man1/xzdiff.1.gz (of link group lzma) doesn&apos;t exist
update-alternatives: warning: skip creation of /usr/share/man/man1/lzcmp.1.gz because associated file /usr/share/man/man1/xzcmp.1.gz (of link group lzma) doesn&apos;t exist
update-alternatives: warning: skip creation of /usr/share/man/man1/lzgrep.1.gz because associated file /usr/share/man/man1/xzgrep.1.gz (of link group lzma) doesn&apos;t exist
update-alternatives: warning: skip creation of /usr/share/man/man1/lzegrep.1.gz because associated file /usr/share/man/man1/xzegrep.1.gz (of link group lzma) doesn&apos;t exist
update-alternatives: warning: skip creation of /usr/share/man/man1/lzfgrep.1.gz because associated file /usr/share/man/man1/xzfgrep.1.gz (of link group lzma) doesn&apos;t exist
Setting up libheimbase1-heimdal:amd64 (7.5.0+dfsg-1) ...
Setting up libfakeroot:amd64 (1.22-2ubuntu1) ...
Setting up openssl (1.1.1-1ubuntu2.1~18.04.4) ...
Setting up libsqlite3-0:amd64 (3.22.0-1ubuntu0.1) ...
Setting up liblocale-gettext-perl (1.07-3build2) ...
Setting up libx11-doc (2:1.6.4-3ubuntu0.2) ...
Setting up shared-mime-info (1.9-2) ...
Setting up libmpc3:amd64 (1.1.0-1) ...
Setting up libc-dev-bin (2.27-3ubuntu1) ...
Setting up libxdmcp6:amd64 (1:1.1.2-3) ...
Setting up libgdbm-compat4:amd64 (1.14.1-6) ...
Setting up libkeyutils1:amd64 (1.5.9-9.2ubuntu2) ...
Setting up libsasl2-modules:amd64 (2.1.27~101-g0780600+dfsg-3ubuntu2) ...
Setting up x11-common (1:7.7+19ubuntu7.1) ...
debconf: unable to initialize frontend: Dialog
debconf: (TERM is not set, so the dialog frontend is not usable.)
debconf: falling back to frontend: Readline
update-rc.d: warning: start and stop actions are no longer supported; falling back to defaults
invoke-rc.d: could not determine current runlevel
invoke-rc.d: policy-rc.d denied execution of start.
Setting up ca-certificates (20180409) ...
debconf: unable to initialize frontend: Dialog
debconf: (TERM is not set, so the dialog frontend is not usable.)
debconf: falling back to frontend: Readline
Updating certificates in /etc/ssl/certs...
133 added, 0 removed; done.
Setting up manpages-dev (4.15-1) ...
Setting up libc6-dev:amd64 (2.27-3ubuntu1) ...
Setting up libassuan0:amd64 (2.5.1-2) ...
Setting up xdg-user-dirs (0.17-1ubuntu1) ...
Setting up libitm1:amd64 (8.3.0-6ubuntu1~18.04.1) ...
Setting up libx11-data (2:1.6.4-3ubuntu0.2) ...
Setting up libxau6:amd64 (1:1.0.8-1) ...
Setting up libmpdec2:amd64 (2.4.2-1ubuntu1) ...
Setting up libdbus-1-3:amd64 (1.12.2-1ubuntu1.1) ...
Setting up liblzo2-2:amd64 (2.08-1.2) ...
Setting up netbase (5.4) ...
Setting up libisl19:amd64 (0.19-1) ...
Setting up libjsoncpp1:amd64 (1.7.4-3) ...
Setting up python-pip-whl (9.0.1-2.3~ubuntu1.18.04.1) ...
Setting up libpython3.6-stdlib:amd64 (3.6.8-1~18.04.3) ...
Setting up libk5crypto3:amd64 (1.16-2ubuntu0.1) ...
Setting up python3.6 (3.6.8-1~18.04.3) ...
Setting up x11proto-core-dev (2018.4-4) ...
Setting up libwind0-heimdal:amd64 (7.5.0+dfsg-1) ...
Setting up libasan4:amd64 (7.4.0-1ubuntu1~18.04.1) ...
Setting up libbinutils:amd64 (2.30-21ubuntu1~18.04.2) ...
Setting up libarchive13:amd64 (3.2.2-3.1ubuntu0.5) ...
Setting up libcilkrts5:amd64 (7.4.0-1ubuntu1~18.04.1) ...
Setting up libasn1-8-heimdal:amd64 (7.5.0+dfsg-1) ...
Setting up libubsan0:amd64 (7.4.0-1ubuntu1~18.04.1) ...
Setting up gpgconf (2.2.4-1ubuntu1.2) ...
Setting up libhcrypto4-heimdal:amd64 (7.5.0+dfsg-1) ...
Setting up libxau-dev:amd64 (1:1.0.8-1) ...
Setting up file (1:5.32-2ubuntu0.3) ...
Setting up fakeroot (1.22-2ubuntu1) ...
update-alternatives: using /usr/bin/fakeroot-sysv to provide /usr/bin/fakeroot (fakeroot) in auto mode
update-alternatives: warning: skip creation of /usr/share/man/man1/fakeroot.1.gz because associated file /usr/share/man/man1/fakeroot-sysv.1.gz (of link group fakeroot) doesn&apos;t exist
update-alternatives: warning: skip creation of /usr/share/man/man1/faked.1.gz because associated file /usr/share/man/man1/faked-sysv.1.gz (of link group fakeroot) doesn&apos;t exist
update-alternatives: warning: skip creation of /usr/share/man/es/man1/fakeroot.1.gz because associated file /usr/share/man/es/man1/fakeroot-sysv.1.gz (of link group fakeroot) doesn&apos;t exist
update-alternatives: warning: skip creation of /usr/share/man/es/man1/faked.1.gz because associated file /usr/share/man/es/man1/faked-sysv.1.gz (of link group fakeroot) doesn&apos;t exist
update-alternatives: warning: skip creation of /usr/share/man/fr/man1/fakeroot.1.gz because associated file /usr/share/man/fr/man1/fakeroot-sysv.1.gz (of link group fakeroot) doesn&apos;t exist
update-alternatives: warning: skip creation of /usr/share/man/fr/man1/faked.1.gz because associated file /usr/share/man/fr/man1/faked-sysv.1.gz (of link group fakeroot) doesn&apos;t exist
update-alternatives: warning: skip creation of /usr/share/man/sv/man1/fakeroot.1.gz because associated file /usr/share/man/sv/man1/fakeroot-sysv.1.gz (of link group fakeroot) doesn&apos;t exist
update-alternatives: warning: skip creation of /usr/share/man/sv/man1/faked.1.gz because associated file /usr/share/man/sv/man1/faked-sysv.1.gz (of link group fakeroot) doesn&apos;t exist
Setting up libhx509-5-heimdal:amd64 (7.5.0+dfsg-1) ...
Setting up libgcc-7-dev:amd64 (7.4.0-1ubuntu1~18.04.1) ...
Setting up cpp-7 (7.4.0-1ubuntu1~18.04.1) ...
Setting up libstdc++-7-dev:amd64 (7.4.0-1ubuntu1~18.04.1) ...
Setting up libxdmcp-dev:amd64 (1:1.1.2-3) ...
Setting up libperl5.26:amd64 (5.26.1-6ubuntu0.3) ...
Setting up gpgsm (2.2.4-1ubuntu1.2) ...
Setting up gnupg-utils (2.2.4-1ubuntu1.2) ...
Setting up libice6:amd64 (2:1.0.9-2) ...
Setting up libexpat1-dev:amd64 (2.2.5-3ubuntu0.2) ...
Setting up pinentry-curses (1.1.0-1) ...
Setting up libkrb5-3:amd64 (1.16-2ubuntu0.1) ...
Setting up libkrb5-26-heimdal:amd64 (7.5.0+dfsg-1) ...
Setting up dbus (1.12.2-1ubuntu1.1) ...
Setting up libxcb1:amd64 (1.13-2~ubuntu18.04) ...
Setting up libheimntlm0-heimdal:amd64 (7.5.0+dfsg-1) ...
Setting up gpg (2.2.4-1ubuntu1.2) ...
Setting up libpython3.6:amd64 (3.6.8-1~18.04.3) ...
Setting up binutils-x86-64-linux-gnu (2.30-21ubuntu1~18.04.2) ...
Setting up libpython3-stdlib:amd64 (3.6.7-1~18.04) ...
Setting up cpp (4:7.4.0-1ubuntu2.3) ...
Setting up libsm6:amd64 (2:1.2.2-1) ...
Setting up python3 (3.6.7-1~18.04) ...
running python rtupdate hooks for python3.6...
running python post-rtupdate hooks for python3.6...
Setting up python3-cffi-backend (1.11.5-1) ...
Setting up python3-crypto (2.6.1-8ubuntu2) ...
Setting up python3-idna (2.6-1) ...
Setting up python3-xdg (0.25-4ubuntu1) ...
Setting up python3-six (1.11.0-2) ...
Setting up libx11-6:amd64 (2:1.6.4-3ubuntu0.2) ...
Setting up gpg-agent (2.2.4-1ubuntu1.2) ...
Setting up python3-wheel (0.30.0-0.2) ...
Setting up gpg-wks-server (2.2.4-1ubuntu1.2) ...
Setting up python3-pkg-resources (39.0.1-2) ...
Setting up python3-gi (3.26.1-2ubuntu1) ...
Setting up libpython3.6-dev:amd64 (3.6.8-1~18.04.3) ...
Setting up libgssapi-krb5-2:amd64 (1.16-2ubuntu0.1) ...
Setting up perl (5.26.1-6ubuntu0.3) ...
Setting up python3-asn1crypto (0.24.0-1) ...
Setting up libfile-fcntllock-perl (0.22-3build2) ...
Setting up libalgorithm-diff-perl (1.19.03-1) ...
Setting up libxrender1:amd64 (1:0.9.10-1) ...
Setting up libxcb1-dev:amd64 (1.13-2~ubuntu18.04) ...
Setting up binutils (2.30-21ubuntu1~18.04.2) ...
Setting up libx11-dev:amd64 (2:1.6.4-3ubuntu0.2) ...
Setting up libgssapi3-heimdal:amd64 (7.5.0+dfsg-1) ...
Setting up python3.6-dev (3.6.8-1~18.04.3) ...
Setting up python3-lib2to3 (3.6.9-1~18.04) ...
Setting up python3-distutils (3.6.9-1~18.04) ...
Setting up libpython3-dev:amd64 (3.6.7-1~18.04) ...
Setting up python3-cryptography (2.1.4-1ubuntu1.3) ...
Setting up python3-dbus (1.2.6-1) ...
Setting up libxext6:amd64 (2:1.3.3-1) ...
Setting up gcc-7 (7.4.0-1ubuntu1~18.04.1) ...
Setting up g++-7 (7.4.0-1ubuntu1~18.04.1) ...
Setting up python3-keyrings.alt (3.0-1) ...
Setting up libdpkg-perl (1.19.0.5ubuntu2.3) ...
Setting up libxrender-dev:amd64 (1:0.9.10-1) ...
Setting up gcc (4:7.4.0-1ubuntu2.3) ...
Setting up libalgorithm-merge-perl (0.08-3) ...
Setting up dpkg-dev (1.19.0.5ubuntu2.3) ...
Setting up libalgorithm-diff-xs-perl (0.04-5) ...
Setting up libldap-2.4-2:amd64 (2.4.45+dfsg-1ubuntu1.4) ...
Setting up python3-pip (9.0.1-2.3~ubuntu1.18.04.1) ...
Setting up g++ (4:7.4.0-1ubuntu2.3) ...
update-alternatives: using /usr/bin/g++ to provide /usr/bin/c++ (c++) in auto mode
update-alternatives: warning: skip creation of /usr/share/man/man1/c++.1.gz because associated file /usr/share/man/man1/g++.1.gz (of link group c++) doesn&apos;t exist
Setting up python3-setuptools (39.0.1-2) ...
Setting up python3-secretstorage (2.3.1-2) ...
Setting up dirmngr (2.2.4-1ubuntu1.2) ...
Setting up dh-python (3.20180325ubuntu2) ...
Setting up python3-keyring (10.6.0-1) ...
Setting up build-essential (12.4ubuntu1) ...
Setting up libcurl4:amd64 (7.58.0-2ubuntu3.8) ...
Setting up python3-dev (3.6.7-1~18.04) ...
Setting up gpg-wks-client (2.2.4-1ubuntu1.2) ...
Setting up cmake (3.10.2-1ubuntu2.18.04.1) ...
Setting up gnupg (2.2.4-1ubuntu1.2) ...
Processing triggers for libc-bin (2.27-3ubuntu1) ...
Processing triggers for ca-certificates (20180409) ...
Updating certificates in /etc/ssl/certs...
0 added, 0 removed; done.
Running hooks in /etc/ca-certificates/update.d...
done.
Removing intermediate container 83f306f02e19
 ---&gt; 44725819be6a
Step 4/9 : COPY ./requirements.txt /app/requirements.txt
 ---&gt; cb60f7073226
Step 5/9 : WORKDIR /app
 ---&gt; Running in 5b3532c96158
Removing intermediate container 5b3532c96158
 ---&gt; 2db1e130de91
Step 6/9 : RUN pip3 install -r requirements.txt
 ---&gt; Running in 8bc68a306edc
Collecting Flask==0.10.1 (from -r requirements.txt (line 1))
  Downloading https://files.pythonhosted.org/packages/db/9c/149ba60c47d107f85fe52564133348458f093dd5e6b57a5b60ab9ac517bb/Flask-0.10.1.tar.gz (544kB)
Collecting imutils==0.5.3 (from -r requirements.txt (line 2))
  Downloading https://files.pythonhosted.org/packages/b5/94/46dcae8c061e28be31bcaa55c560cb30ee9403c9a4bb2659768ec1b9eb7d/imutils-0.5.3.tar.gz
Collecting opencv-python (from -r requirements.txt (line 3))
  Downloading https://files.pythonhosted.org/packages/5e/7e/bd5425f4dacb73367fddc71388a47c1ea570839197c2bcad86478e565186/opencv_python-4.1.1.26-cp36-cp36m-manylinux1_x86_64.whl (28.7MB)
Collecting requests (from -r requirements.txt (line 4))
  Downloading https://files.pythonhosted.org/packages/51/bd/23c926cd341ea6b7dd0b2a00aba99ae0f828be89d72b2190f27c11d4b7fb/requests-2.22.0-py2.py3-none-any.whl (57kB)
Collecting Pillow (from -r requirements.txt (line 5))
  Downloading https://files.pythonhosted.org/packages/10/5c/0e94e689de2476c4c5e644a3bd223a1c1b9e2bdb7c510191750be74fa786/Pillow-6.2.1-cp36-cp36m-manylinux1_x86_64.whl (2.1MB)
Collecting Jinja2&gt;=2.4 (from Flask==0.10.1-&gt;-r requirements.txt (line 1))
  Downloading https://files.pythonhosted.org/packages/65/e0/eb35e762802015cab1ccee04e8a277b03f1d8e53da3ec3106882ec42558b/Jinja2-2.10.3-py2.py3-none-any.whl (125kB)
Collecting Werkzeug&gt;=0.7 (from Flask==0.10.1-&gt;-r requirements.txt (line 1))
  Downloading https://files.pythonhosted.org/packages/ce/42/3aeda98f96e85fd26180534d36570e4d18108d62ae36f87694b476b83d6f/Werkzeug-0.16.0-py2.py3-none-any.whl (327kB)
Collecting itsdangerous&gt;=0.21 (from Flask==0.10.1-&gt;-r requirements.txt (line 1))
  Downloading https://files.pythonhosted.org/packages/76/ae/44b03b253d6fade317f32c24d100b3b35c2239807046a4c953c7b89fa49e/itsdangerous-1.1.0-py2.py3-none-any.whl
Collecting numpy&gt;=1.11.3 (from opencv-python-&gt;-r requirements.txt (line 3))
  Downloading https://files.pythonhosted.org/packages/d2/ab/43e678759326f728de861edbef34b8e2ad1b1490505f20e0d1f0716c3bf4/numpy-1.17.4-cp36-cp36m-manylinux1_x86_64.whl (20.0MB)
Collecting certifi&gt;=2017.4.17 (from requests-&gt;-r requirements.txt (line 4))
  Downloading https://files.pythonhosted.org/packages/18/b0/8146a4f8dd402f60744fa380bc73ca47303cccf8b9190fd16a827281eac2/certifi-2019.9.11-py2.py3-none-any.whl (154kB)
Collecting urllib3!=1.25.0,!=1.25.1,&lt;1.26,&gt;=1.21.1 (from requests-&gt;-r requirements.txt (line 4))
  Downloading https://files.pythonhosted.org/packages/e0/da/55f51ea951e1b7c63a579c09dd7db825bb730ec1fe9c0180fc77bfb31448/urllib3-1.25.6-py2.py3-none-any.whl (125kB)
Requirement already satisfied: idna&lt;2.9,&gt;=2.5 in /usr/lib/python3/dist-packages (from requests-&gt;-r requirements.txt (line 4))
Collecting chardet&lt;3.1.0,&gt;=3.0.2 (from requests-&gt;-r requirements.txt (line 4))
  Downloading https://files.pythonhosted.org/packages/bc/a9/01ffebfb562e4274b6487b4bb1ddec7ca55ec7510b22e4c51f14098443b8/chardet-3.0.4-py2.py3-none-any.whl (133kB)
Collecting MarkupSafe&gt;=0.23 (from Jinja2&gt;=2.4-&gt;Flask==0.10.1-&gt;-r requirements.txt (line 1))
  Downloading https://files.pythonhosted.org/packages/b2/5f/23e0023be6bb885d00ffbefad2942bc51a620328ee910f64abe5a8d18dd1/MarkupSafe-1.1.1-cp36-cp36m-manylinux1_x86_64.whl
Building wheels for collected packages: Flask, imutils
  Running setup.py bdist_wheel for Flask: started
  Running setup.py bdist_wheel for Flask: finished with status &apos;done&apos;
  Stored in directory: /root/.cache/pip/wheels/e1/f2/be/1c4f307a41aad7e632f79c0242a2714ecde24b663da3519665
  Running setup.py bdist_wheel for imutils: started
  Running setup.py bdist_wheel for imutils: finished with status &apos;done&apos;
  Stored in directory: /root/.cache/pip/wheels/16/84/1f/bf88641293cda2c8be81a5c4b8ca973dd9125a6dc3767417fd
Successfully built Flask imutils
Installing collected packages: MarkupSafe, Jinja2, Werkzeug, itsdangerous, Flask, imutils, numpy, opencv-python, certifi, urllib3, chardet, requests, Pillow
Successfully installed Flask-0.10.1 Jinja2-2.10.3 MarkupSafe-1.1.1 Pillow-6.2.1 Werkzeug-0.16.0 certifi-2019.9.11 chardet-3.0.4 imutils-0.5.3 itsdangerous-1.1.0 numpy-1.17.4 opencv-python-4.1.1.26 requests-2.22.0 urllib3-1.25.6
Removing intermediate container 8bc68a306edc
 ---&gt; 7b1ac6b0cbd7
Step 7/9 : COPY . /app
 ---&gt; 377f18602ffd
Step 8/9 : ENTRYPOINT [&quot;python3&quot;]
 ---&gt; Running in 0bf6717501cc
Removing intermediate container 0bf6717501cc
 ---&gt; 5fd03ab6f730
Step 9/9 : CMD [&quot;webstreaming.py&quot;]
 ---&gt; Running in 3a71c9b75b41
Removing intermediate container 3a71c9b75b41
 ---&gt; 8b5b4041e234
Successfully built 8b5b4041e234
Successfully tagged docker-flask:latest
<font color="#8AE234"><b>ayesha@LDTS-AYESHASH</b></font>:<font color="#729FCF"><b>~/Documents/Docker Training/docker-flask-web-app-production</b></font>$ docker run 8b5b4041e234
 * Running on http://0.0.0.0:5000/ (Press CTRL+C to quit)
^Cterminate called without an active exception
<font color="#8AE234"><b>ayesha@LDTS-AYESHASH</b></font>:<font color="#729FCF"><b>~/Documents/Docker Training/docker-flask-web-app-production</b></font>$ docker run -it -p 3001:3000 8b5b4041e234
 * Running on http://0.0.0.0:5000/ (Press CTRL+C to quit)
^Cterminate called without an active exception
<font color="#8AE234"><b>ayesha@LDTS-AYESHASH</b></font>:<font color="#729FCF"><b>~/Documents/Docker Training/docker-flask-web-app-production</b></font>$ 
<font color="#8AE234"><b>ayesha@LDTS-AYESHASH</b></font>:<font color="#729FCF"><b>~/Documents/Docker Training/docker-flask-web-app-production</b></font>$ docker run --name flaskapp -v$PWD/app:/app -p5000:5000 flask-tutorial:latest
docker: invalid reference format: repository name must be lowercase.
See &apos;docker run --help&apos;.
<font color="#8AE234"><b>ayesha@LDTS-AYESHASH</b></font>:<font color="#729FCF"><b>~/Documents/Docker Training/docker-flask-web-app-production</b></font>$ docker run --name flaskapp -p5000:5000 flask-tutorial:latest
docker: Error response from daemon: driver failed programming external connectivity on endpoint flaskapp (9642e585410dc91007eba5d90a524a2def5a9d19bfd7775f04564d09cbc489b3): Error starting userland proxy: listen tcp 0.0.0.0:5000: bind: address already in use.
<font color="#CC0000">ERRO</font>[0000] error waiting for container: context canceled 
<font color="#8AE234"><b>ayesha@LDTS-AYESHASH</b></font>:<font color="#729FCF"><b>~/Documents/Docker Training/docker-flask-web-app-production</b></font>$ docker run --name flaskapp -p5000:8000 flask-tutorial:latest
docker: Error response from daemon: Conflict. The container name &quot;/flaskapp&quot; is already in use by container &quot;dc743b2fa517c27b13feeb5e841779747c0f15c9564e727cab0380c5fe115027&quot;. You have to remove (or rename) that container to be able to reuse that name.
See &apos;docker run --help&apos;.
<font color="#8AE234"><b>ayesha@LDTS-AYESHASH</b></font>:<font color="#729FCF"><b>~/Documents/Docker Training/docker-flask-web-app-production</b></font>$ docker run --name flaskapp01 -p5000:8000 flask-tutorial:latest
docker: Error response from daemon: driver failed programming external connectivity on endpoint flaskapp01 (b34d6022f4e68491517b62afb152945a23f16b0139fec4604fe9446fa82d69ed): Error starting userland proxy: listen tcp 0.0.0.0:5000: bind: address already in use.
<font color="#CC0000">ERRO</font>[0000] error waiting for container: context canceled 
<font color="#8AE234"><b>ayesha@LDTS-AYESHASH</b></font>:<font color="#729FCF"><b>~/Documents/Docker Training/docker-flask-web-app-production</b></font>$ docker run --name flaskapp01 -p5000:8000 flask-tutorial:latest
docker: Error response from daemon: Conflict. The container name &quot;/flaskapp01&quot; is already in use by container &quot;59746aec4e71bb72dc3b38325fda583d81c864eae43d29f173c9ac7d26b68207&quot;. You have to remove (or rename) that container to be able to reuse that name.
See &apos;docker run --help&apos;.
<font color="#8AE234"><b>ayesha@LDTS-AYESHASH</b></font>:<font color="#729FCF"><b>~/Documents/Docker Training/docker-flask-web-app-production</b></font>$ docker run  -p5000:8000 flask-tutorial:latest
docker: Error response from daemon: driver failed programming external connectivity on endpoint trusting_kalam (e0b8be29243dcfd1b8e4cecbd161738629bf987a84d494c87984ae94cedc33ab): Error starting userland proxy: listen tcp 0.0.0.0:5000: bind: address already in use.
<font color="#CC0000">ERRO</font>[0000] error waiting for container: context canceled 
<font color="#8AE234"><b>ayesha@LDTS-AYESHASH</b></font>:<font color="#729FCF"><b>~/Documents/Docker Training/docker-flask-web-app-production</b></font>$ docker run  -p8000:8000 flask-tutorial:latest
Traceback (most recent call last):
  File &quot;webstreaming.py&quot;, line 5, in &lt;module&gt;
    from pyimagesearch.motion_detection import SingleMotionDetector
  File &quot;/home/myapp/pyimagesearch/motion_detection/__init__.py&quot;, line 2, in &lt;module&gt;
    from .singlemotiondetector import SingleMotionDetector
  File &quot;/home/myapp/pyimagesearch/motion_detection/singlemotiondetector.py&quot;, line 3, in &lt;module&gt;
    import imutils
  File &quot;/usr/local/lib/python2.7/dist-packages/imutils/__init__.py&quot;, line 8, in &lt;module&gt;
    from .convenience import translate
  File &quot;/usr/local/lib/python2.7/dist-packages/imutils/convenience.py&quot;, line 6, in &lt;module&gt;
    import cv2
  File &quot;/usr/local/lib/python2.7/dist-packages/cv2/__init__.py&quot;, line 3, in &lt;module&gt;
    from .cv2 import *
ImportError: libSM.so.6: cannot open shared object file: No such file or directory
<font color="#8AE234"><b>ayesha@LDTS-AYESHASH</b></font>:<font color="#729FCF"><b>~/Documents/Docker Training/docker-flask-web-app-production</b></font>$ docker build -t docker-flask:latest01 .
Sending build context to Docker daemon  10.76MB
Step 1/9 : FROM ubuntu:18.04
 ---&gt; 775349758637
Step 2/9 : LABEL maintainer=&quot;me@mail.com&quot;
 ---&gt; Using cache
 ---&gt; d96a877ced65
Step 3/9 : RUN apt-get update -y &amp;&amp; apt-get install -y build-essential cmake libsm6 libxext6 libxrender-dev python3 python3-pip python3-dev
 ---&gt; Using cache
 ---&gt; 44725819be6a
Step 4/9 : COPY ./requirements.txt /app/requirements.txt
 ---&gt; 4f45c6be9586
Step 5/9 : WORKDIR /app
 ---&gt; Running in c6488752c855
Removing intermediate container c6488752c855
 ---&gt; ec933e2aac0d
Step 6/9 : RUN pip3 install -r requirements.txt
 ---&gt; Running in b8fdcd3adaea
Collecting Flask==0.10.1 (from -r requirements.txt (line 1))
  Downloading https://files.pythonhosted.org/packages/db/9c/149ba60c47d107f85fe52564133348458f093dd5e6b57a5b60ab9ac517bb/Flask-0.10.1.tar.gz (544kB)
Collecting imutils==0.5.3 (from -r requirements.txt (line 2))
  Downloading https://files.pythonhosted.org/packages/b5/94/46dcae8c061e28be31bcaa55c560cb30ee9403c9a4bb2659768ec1b9eb7d/imutils-0.5.3.tar.gz
Collecting opencv-python-headless (from -r requirements.txt (line 3))
  Downloading https://files.pythonhosted.org/packages/1f/dc/b250f03ab68068033fd2356428c1357431d8ebc6a26405098e0f27c94f7a/opencv_python_headless-4.1.1.26-cp36-cp36m-manylinux1_x86_64.whl (22.1MB)
Collecting requests (from -r requirements.txt (line 4))
  Downloading https://files.pythonhosted.org/packages/51/bd/23c926cd341ea6b7dd0b2a00aba99ae0f828be89d72b2190f27c11d4b7fb/requests-2.22.0-py2.py3-none-any.whl (57kB)
Collecting Pillow (from -r requirements.txt (line 5))
  Downloading https://files.pythonhosted.org/packages/10/5c/0e94e689de2476c4c5e644a3bd223a1c1b9e2bdb7c510191750be74fa786/Pillow-6.2.1-cp36-cp36m-manylinux1_x86_64.whl (2.1MB)
Collecting Jinja2&gt;=2.4 (from Flask==0.10.1-&gt;-r requirements.txt (line 1))
  Downloading https://files.pythonhosted.org/packages/65/e0/eb35e762802015cab1ccee04e8a277b03f1d8e53da3ec3106882ec42558b/Jinja2-2.10.3-py2.py3-none-any.whl (125kB)
Collecting Werkzeug&gt;=0.7 (from Flask==0.10.1-&gt;-r requirements.txt (line 1))
  Downloading https://files.pythonhosted.org/packages/ce/42/3aeda98f96e85fd26180534d36570e4d18108d62ae36f87694b476b83d6f/Werkzeug-0.16.0-py2.py3-none-any.whl (327kB)
Collecting itsdangerous&gt;=0.21 (from Flask==0.10.1-&gt;-r requirements.txt (line 1))
  Downloading https://files.pythonhosted.org/packages/76/ae/44b03b253d6fade317f32c24d100b3b35c2239807046a4c953c7b89fa49e/itsdangerous-1.1.0-py2.py3-none-any.whl
Collecting numpy&gt;=1.11.3 (from opencv-python-headless-&gt;-r requirements.txt (line 3))
  Downloading https://files.pythonhosted.org/packages/d2/ab/43e678759326f728de861edbef34b8e2ad1b1490505f20e0d1f0716c3bf4/numpy-1.17.4-cp36-cp36m-manylinux1_x86_64.whl (20.0MB)
Collecting chardet&lt;3.1.0,&gt;=3.0.2 (from requests-&gt;-r requirements.txt (line 4))
  Downloading https://files.pythonhosted.org/packages/bc/a9/01ffebfb562e4274b6487b4bb1ddec7ca55ec7510b22e4c51f14098443b8/chardet-3.0.4-py2.py3-none-any.whl (133kB)
Collecting certifi&gt;=2017.4.17 (from requests-&gt;-r requirements.txt (line 4))
  Downloading https://files.pythonhosted.org/packages/18/b0/8146a4f8dd402f60744fa380bc73ca47303cccf8b9190fd16a827281eac2/certifi-2019.9.11-py2.py3-none-any.whl (154kB)
Requirement already satisfied: idna&lt;2.9,&gt;=2.5 in /usr/lib/python3/dist-packages (from requests-&gt;-r requirements.txt (line 4))
Collecting urllib3!=1.25.0,!=1.25.1,&lt;1.26,&gt;=1.21.1 (from requests-&gt;-r requirements.txt (line 4))
  Downloading https://files.pythonhosted.org/packages/e0/da/55f51ea951e1b7c63a579c09dd7db825bb730ec1fe9c0180fc77bfb31448/urllib3-1.25.6-py2.py3-none-any.whl (125kB)
Collecting MarkupSafe&gt;=0.23 (from Jinja2&gt;=2.4-&gt;Flask==0.10.1-&gt;-r requirements.txt (line 1))
  Downloading https://files.pythonhosted.org/packages/b2/5f/23e0023be6bb885d00ffbefad2942bc51a620328ee910f64abe5a8d18dd1/MarkupSafe-1.1.1-cp36-cp36m-manylinux1_x86_64.whl
Building wheels for collected packages: Flask, imutils
  Running setup.py bdist_wheel for Flask: started
  Running setup.py bdist_wheel for Flask: finished with status &apos;done&apos;
  Stored in directory: /root/.cache/pip/wheels/e1/f2/be/1c4f307a41aad7e632f79c0242a2714ecde24b663da3519665
  Running setup.py bdist_wheel for imutils: started
  Running setup.py bdist_wheel for imutils: finished with status &apos;done&apos;
  Stored in directory: /root/.cache/pip/wheels/16/84/1f/bf88641293cda2c8be81a5c4b8ca973dd9125a6dc3767417fd
Successfully built Flask imutils
Installing collected packages: MarkupSafe, Jinja2, Werkzeug, itsdangerous, Flask, imutils, numpy, opencv-python-headless, chardet, certifi, urllib3, requests, Pillow
Successfully installed Flask-0.10.1 Jinja2-2.10.3 MarkupSafe-1.1.1 Pillow-6.2.1 Werkzeug-0.16.0 certifi-2019.9.11 chardet-3.0.4 imutils-0.5.3 itsdangerous-1.1.0 numpy-1.17.4 opencv-python-headless-4.1.1.26 requests-2.22.0 urllib3-1.25.6
Removing intermediate container b8fdcd3adaea
 ---&gt; 413ae468e5c1
Step 7/9 : COPY . /app
 ---&gt; bfc0cc89b0e0
Step 8/9 : ENTRYPOINT [&quot;python3&quot;]
 ---&gt; Running in 856f4f0cbd60
Removing intermediate container 856f4f0cbd60
 ---&gt; 1bddfa3bb0e6
Step 9/9 : CMD [&quot;webstreaming.py&quot;]
 ---&gt; Running in cc059373938d
Removing intermediate container cc059373938d
 ---&gt; 2e4ed2ac0188
Successfully built 2e4ed2ac0188
Successfully tagged docker-flask:latest01
<font color="#8AE234"><b>ayesha@LDTS-AYESHASH</b></font>:<font color="#729FCF"><b>~/Documents/Docker Training/docker-flask-web-app-production</b></font>$ docker run  -p8000:8000 2e4ed2ac0188
 * Running on http://0.0.0.0:5000/ (Press CTRL+C to quit)
^Cterminate called without an active exception
<font color="#8AE234"><b>ayesha@LDTS-AYESHASH</b></font>:<font color="#729FCF"><b>~/Documents/Docker Training/docker-flask-web-app-production</b></font>$ docker run  -p 8000 2e4ed2ac0188
 * Running on http://0.0.0.0:5000/ (Press CTRL+C to quit)
^Cterminate called without an active exception
<font color="#8AE234"><b>ayesha@LDTS-AYESHASH</b></font>:<font color="#729FCF"><b>~/Documents/Docker Training/docker-flask-web-app-production</b></font>$ docker run  -h 8000 2e4ed2ac0188
 * Running on http://0.0.0.0:5000/ (Press CTRL+C to quit)
^Cterminate called without an active exception
<font color="#8AE234"><b>ayesha@LDTS-AYESHASH</b></font>:<font color="#729FCF"><b>~/Documents/Docker Training/docker-flask-web-app-production</b></font>$ docker inspect 2e4ed2ac0188 | grep &quot;IPAddress&quot;
<font color="#8AE234"><b>ayesha@LDTS-AYESHASH</b></font>:<font color="#729FCF"><b>~/Documents/Docker Training/docker-flask-web-app-production</b></font>$ docker inspect 2e4ed2ac0188 | grep -i &quot;IPAddress&quot;
<font color="#8AE234"><b>ayesha@LDTS-AYESHASH</b></font>:<font color="#729FCF"><b>~/Documents/Docker Training/docker-flask-web-app-production</b></font>$ docker run  -h 8000 2e4ed2ac0188
 * Running on http://0.0.0.0:5000/ (Press CTRL+C to quit)
^Cterminate called without an active exception
<font color="#8AE234"><b>ayesha@LDTS-AYESHASH</b></font>:<font color="#729FCF"><b>~/Documents/Docker Training/docker-flask-web-app-production</b></font>$ docker run  -h 127.0.0.1 8000 2e4ed2ac0188
Unable to find image &apos;8000:latest&apos; locally

docker: Error response from daemon: pull access denied for 8000, repository does not exist or may require &apos;docker login&apos;: denied: requested access to the resource is denied.
See &apos;docker run --help&apos;.
<font color="#8AE234"><b>ayesha@LDTS-AYESHASH</b></font>:<font color="#729FCF"><b>~/Documents/Docker Training/docker-flask-web-app-production</b></font>$ 
<font color="#8AE234"><b>ayesha@LDTS-AYESHASH</b></font>:<font color="#729FCF"><b>~/Documents/Docker Training/docker-flask-web-app-production</b></font>$ docker run  -h 127.0.0.1 2e4ed2ac0188
 * Running on http://0.0.0.0:5000/ (Press CTRL+C to quit)
^Cterminate called without an active exception
<font color="#8AE234"><b>ayesha@LDTS-AYESHASH</b></font>:<font color="#729FCF"><b>~/Documents/Docker Training/docker-flask-web-app-production</b></font>$ docker build -t docker-flask:latest02 .
Sending build context to Docker daemon  10.76MB
Step 1/9 : FROM ubuntu:18.04
 ---&gt; 775349758637
Step 2/9 : LABEL maintainer=&quot;me@mail.com&quot;
 ---&gt; Using cache
 ---&gt; d96a877ced65
Step 3/9 : RUN apt-get update -y &amp;&amp; apt-get install -y build-essential cmake libsm6 libxext6 libxrender-dev python3 python3-pip python3-dev
 ---&gt; Using cache
 ---&gt; 44725819be6a
Step 4/9 : COPY ./requirements.txt /app/requirements.txt
 ---&gt; Using cache
 ---&gt; 4f45c6be9586
Step 5/9 : WORKDIR /app
 ---&gt; Using cache
 ---&gt; ec933e2aac0d
Step 6/9 : RUN pip3 install -r requirements.txt
 ---&gt; Using cache
 ---&gt; 413ae468e5c1
Step 7/9 : COPY . /app
 ---&gt; 57673af354ab
Step 8/9 : ENTRYPOINT [&quot;python3&quot;]
 ---&gt; Running in 37ac3eb5eccc
Removing intermediate container 37ac3eb5eccc
 ---&gt; e02e3b3c95b1
Step 9/9 : CMD [&quot;webstreaming.py&quot;]
 ---&gt; Running in c4d409cb4ee5
Removing intermediate container c4d409cb4ee5
 ---&gt; ff4a57952298
Successfully built ff4a57952298
Successfully tagged docker-flask:latest02
<font color="#8AE234"><b>ayesha@LDTS-AYESHASH</b></font>:<font color="#729FCF"><b>~/Documents/Docker Training/docker-flask-web-app-production</b></font>$ docker run  -h 127.0.0.1 ff4a57952298
 * Running on http://127.0.0.1:5000/ (Press CTRL+C to quit)
^Cterminate called without an active exception
<font color="#8AE234"><b>ayesha@LDTS-AYESHASH</b></font>:<font color="#729FCF"><b>~/Documents/Docker Training/docker-flask-web-app-production</b></font>$ docker run  -h 172.17.0.2 ff4a57952298
 * Running on http://127.0.0.1:5000/ (Press CTRL+C to quit)
^Cterminate called without an active exception
<font color="#8AE234"><b>ayesha@LDTS-AYESHASH</b></font>:<font color="#729FCF"><b>~/Documents/Docker Training/docker-flask-web-app-production</b></font>$ docker build -t docker-flask:latest03 .
Sending build context to Docker daemon  10.76MB
Step 1/9 : FROM ubuntu:18.04
 ---&gt; 775349758637
Step 2/9 : LABEL maintainer=&quot;me@mail.com&quot;
 ---&gt; Using cache
 ---&gt; d96a877ced65
Step 3/9 : RUN apt-get update -y &amp;&amp; apt-get install -y build-essential cmake libsm6 libxext6 libxrender-dev python3 python3-pip python3-dev
 ---&gt; Using cache
 ---&gt; 44725819be6a
Step 4/9 : COPY ./requirements.txt /app/requirements.txt
 ---&gt; Using cache
 ---&gt; 4f45c6be9586
Step 5/9 : WORKDIR /app
 ---&gt; Using cache
 ---&gt; ec933e2aac0d
Step 6/9 : RUN pip3 install -r requirements.txt
 ---&gt; Using cache
 ---&gt; 413ae468e5c1
Step 7/9 : COPY . /app
 ---&gt; ead18f94a6e7
Step 8/9 : ENTRYPOINT [&quot;python3&quot;]
 ---&gt; Running in f319eb9a582c
Removing intermediate container f319eb9a582c
 ---&gt; cb08620f708f
Step 9/9 : CMD [&quot;webstreaming.py&quot;]
 ---&gt; Running in 3abbaae9849d
Removing intermediate container 3abbaae9849d
 ---&gt; fc25cfbf2f68
Successfully built fc25cfbf2f68
Successfully tagged docker-flask:latest03
<font color="#8AE234"><b>ayesha@LDTS-AYESHASH</b></font>:<font color="#729FCF"><b>~/Documents/Docker Training/docker-flask-web-app-production</b></font>$ docker run  -h 172.17.0.2 fc25cfbf2f68
 * Running on http://172.17.0.2:5000/ (Press CTRL+C to quit)
172.17.0.1 - - [11/Nov/2019 08:02:07] &quot;GET / HTTP/1.1&quot; 200 -
^Cterminate called without an active exception
<font color="#8AE234"><b>ayesha@LDTS-AYESHASH</b></font>:<font color="#729FCF"><b>~/Documents/Docker Training/docker-flask-web-app-production</b></font>$ docker build -t docker-flask:latest04 .
Sending build context to Docker daemon  10.76MB
Step 1/9 : FROM ubuntu:18.04
 ---&gt; 775349758637
Step 2/9 : LABEL maintainer=&quot;me@mail.com&quot;
 ---&gt; Using cache
 ---&gt; d96a877ced65
Step 3/9 : RUN apt-get update -y &amp;&amp; apt-get install -y build-essential cmake libsm6 libxext6 libxrender-dev python3 python3-pip python3-dev
 ---&gt; Using cache
 ---&gt; 44725819be6a
Step 4/9 : COPY ./requirements.txt /app/requirements.txt
 ---&gt; Using cache
 ---&gt; 4f45c6be9586
Step 5/9 : WORKDIR /app
 ---&gt; Using cache
 ---&gt; ec933e2aac0d
Step 6/9 : RUN pip3 install -r requirements.txt
 ---&gt; Using cache
 ---&gt; 413ae468e5c1
Step 7/9 : COPY . /app
 ---&gt; fed5351bb2fa
Step 8/9 : ENTRYPOINT [&quot;python3&quot;]
 ---&gt; Running in 684f85584986
Removing intermediate container 684f85584986
 ---&gt; d536fa334062
Step 9/9 : CMD [&quot;webstreaming.py&quot;]
 ---&gt; Running in bb3011901d8e
Removing intermediate container bb3011901d8e
 ---&gt; 171ea276bad2
Successfully built 171ea276bad2
Successfully tagged docker-flask:latest04
<font color="#8AE234"><b>ayesha@LDTS-AYESHASH</b></font>:<font color="#729FCF"><b>~/Documents/Docker Training/docker-flask-web-app-production</b></font>$ docker run  -h 172.17.0.2 171ea276bad2
  File &quot;webstreaming.py&quot;, line 234
    t1.daemon = True
              ^
SyntaxError: invalid syntax
<font color="#8AE234"><b>ayesha@LDTS-AYESHASH</b></font>:<font color="#729FCF"><b>~/Documents/Docker Training/docker-flask-web-app-production</b></font>$ docker build -t docker-flask:latest05 .
Sending build context to Docker daemon  10.76MB
Step 1/9 : FROM ubuntu:18.04
 ---&gt; 775349758637
Step 2/9 : LABEL maintainer=&quot;me@mail.com&quot;
 ---&gt; Using cache
 ---&gt; d96a877ced65
Step 3/9 : RUN apt-get update -y &amp;&amp; apt-get install -y build-essential cmake libsm6 libxext6 libxrender-dev python3 python3-pip python3-dev
 ---&gt; Using cache
 ---&gt; 44725819be6a
Step 4/9 : COPY ./requirements.txt /app/requirements.txt
 ---&gt; Using cache
 ---&gt; 4f45c6be9586
Step 5/9 : WORKDIR /app
 ---&gt; Using cache
 ---&gt; ec933e2aac0d
Step 6/9 : RUN pip3 install -r requirements.txt
 ---&gt; Using cache
 ---&gt; 413ae468e5c1
Step 7/9 : COPY . /app
 ---&gt; e922d2210db3
Step 8/9 : ENTRYPOINT [&quot;python3&quot;]
 ---&gt; Running in 0eec23d88ecd
Removing intermediate container 0eec23d88ecd
 ---&gt; 98099f95c713
Step 9/9 : CMD [&quot;webstreaming.py&quot;]
 ---&gt; Running in 445cc329ee5e
Removing intermediate container 445cc329ee5e
 ---&gt; 1c59be8bb2cd
Successfully built 1c59be8bb2cd
Successfully tagged docker-flask:latest05
<font color="#8AE234"><b>ayesha@LDTS-AYESHASH</b></font>:<font color="#729FCF"><b>~/Documents/Docker Training/docker-flask-web-app-production</b></font>$ docker run  -h 172.17.0.2 1c59be8bb2cd
 * Running on http://172.17.0.2:5000/ (Press CTRL+C to quit)
Exception in thread Thread-1:
Traceback (most recent call last):
  File &quot;/usr/lib/python3.6/threading.py&quot;, line 916, in _bootstrap_inner
    self.run()
  File &quot;/usr/lib/python3.6/threading.py&quot;, line 864, in run
    self._target(*self._args, **self._kwargs)
  File &quot;webstreaming.py&quot;, line 127, in detect_motion
    detect_face(frame,lfd.net)
  File &quot;webstreaming.py&quot;, line 56, in detect_face
    (h, w) = frame.shape[:2]
AttributeError: &apos;NoneType&apos; object has no attribute &apos;shape&apos;

172.17.0.1 - - [11/Nov/2019 09:04:04] &quot;GET / HTTP/1.1&quot; 200 -
^CHi
<font color="#8AE234"><b>ayesha@LDTS-AYESHASH</b></font>:<font color="#729FCF"><b>~/Documents/Docker Training/docker-flask-web-app-production</b></font>$ -v /dev/video0:/dev/video0
-v: command not found
<font color="#8AE234"><b>ayesha@LDTS-AYESHASH</b></font>:<font color="#729FCF"><b>~/Documents/Docker Training/docker-flask-web-app-production</b></font>$ docker run --device /dev/video0  -h 172.17.0.2 1c59be8bb2cd
 * Running on http://172.17.0.2:5000/ (Press CTRL+C to quit)
172.17.0.1 - - [11/Nov/2019 09:09:30] &quot;GET / HTTP/1.1&quot; 200 -
172.17.0.1 - - [11/Nov/2019 09:09:30] &quot;GET /video_feed HTTP/1.1&quot; 200 -
172.17.0.1 - - [11/Nov/2019 09:09:52] &quot;GET /favicon.ico HTTP/1.1&quot; 404 -
^CHi
Hi
Hi
Hi
Hi
Hi
Hi
Hi
Hi
Hi
Hi
Hi
Hi
Hi
Hi
Hi
Hi
Hi
Hi
Hi
Hi
Hi
Hi
Hi
Hi
Hi
Hi
Hi
Hi
Hi
Hi
Hi
Hi
Hi
Hi
Hi
Hi
Hi
Hi
Hi
Hi
Hi
Hi
Hi
Hi
Hi
Hi
Hi
Hi
Hi
Hi
Hi
Hi
Hi
Hi
Hi
Hi
Hi
Hi
Hi
Hi
Hi
Hi
Hi
Hi
Hi
Hi
Hi
Hi
Hi
Hi
Hi
Hi
Hi
Hi
Hi
Hi
Hi
Hi
Hi
Hi
Hi
Hi
Hi
Hi
Hi
Hi
Hi
Hi
Hi
Hi
Hi
Hi
Hi
Hi
Hi
Hi
Hi
Hi
Hi
Hi
Hi
Hi
Hi
Hi
Hi
Hi
Hi
Hi
Hi
Hi
Hi
Hi
Hi
Hi
Hi
Hi
Hi
Hi
Hi
Hi
Hi
Hi
Hi
Hi
Hi
Hi
Hi
Hi
Hi
Hi
Hi
Hi
Hi
Hi
Hi
Hi
Hi
Hi
Hi
Hi
Hi
Hi
Hi
Hi
Hi
Hi
Hi
Hi
Hi
Hi
Hi
Hi
Hi
Hi
Hi
Hi
Hi
Hi
Hi
Hi
Hi
Hi
Hi
Hi
Hi
Hi
Hi
Hi
Hi
Hi
Hi
Hi
Hi
Hi
Hi
Hi
Hi
Hi
Hi
Hi
Hi
Hi
Hi
Hi
Hi
Hi
Hi
Hi
Hi
Hi
Hi
Hi
Hi
Hi
Hi
Hi
Hi
Hi
Hi
Hi
Hi
Hi
Hi
Hi
Hi
Hi
Hi
Hi
Hi
Hi
Hi
Hi
Hi
Hi
Hi
Hi
Hi
Hi
Hi
Hi
Hi
Hi
Hi
Hi
Hi
Hi
Hi
Hi
Hi
Hi
Hi
Hi
Hi
Hi
Hi
Hi
Hi
Hi
Hi
Hi
Hi
Hi
Hi
Hi
Hi
Hi
Hi
Hi
Hi
Hi
Hi
Hi
Hi
Hi
Hi
Hi
Hi
Hi
Hi
Hi
Hi
Hi
Hi
Hi
Hi
Hi
Hi
Hi
Hi
Hi
Hi
Hi
Hi
Hi
Hi
Hi
Hi
Hi
Hi
Hi
Hi
Hi
Hi
Hi
Hi
Hi
Hi
Hi
Hi
Hi
Hi
Hi
Hi
Hi
Hi
Hi
Hi
Hi
Hi
Hi
Hi
Hi
Hi
Hi
Hi
Hi
Hi
Hi
Hi
Hi
Hi
Hi
Hi
Hi
Hi
Hi
Hi
Hi
Hi
Hi
Hi
Hi
Hi
Hi
Hi
Hi
Hi
Hi
Hi
Hi
Hi
Hi
Hi
Hi
Hi
Hi
Hi
Hi
Hi
Hi
Hi
Hi
Hi
Hi
Hi
Hi
Hi
Hi
Hi
Hi
Hi
Hi
Hi
Hi
Hi
Hi
Hi
Hi
Hi
Hi
Hi
Hi
Hi
Hi
Hi
Hi
Hi
Hi
Hi
Hi
Hi
Hi
Hi
Hi
Hi
Hi
Hi
Hi
Hi
Hi
Hi
Hi
Hi
Hi
Hi
Hi
Hi
Hi
Hi
Hi
Hi
Hi
Hi
Hi
Hi
Hi
Hi
Hi
Hi
Hi
Hi
Hi
Hi
Hi
Hi
Hi
Hi
Hi
Hi
Hi
Hi
Hi
Hi
Hi
Hi
Hi
Hi
Hi
Hi
Hi
Hi
Hi
Hi
Hi
Hi
Hi
Hi
Hi
Hi
Hi
Hi
Hi
Hi
Hi
Hi
Hi
Hi
Hi
Hi
Hi
Hi
Hi
Hi
Hi
Hi
Hi
Hi
Hi
Hi
Hi
Hi
Hi
Hi
Hi
Hi
Hi
Hi
Hi
Hi
Hi
Hi
Hi
Hi
terminate called without an active exception
<font color="#8AE234"><b>ayesha@LDTS-AYESHASH</b></font>:<font color="#729FCF"><b>~/Documents/Docker Training/docker-flask-web-app-production</b></font>$ docker.io
docker.io: command not found
<font color="#8AE234"><b>ayesha@LDTS-AYESHASH</b></font>:<font color="#729FCF"><b>~/Documents/Docker Training/docker-flask-web-app-production</b></font>$ docker ip
docker: &apos;ip&apos; is not a docker command.
See &apos;docker --help&apos;
<font color="#8AE234"><b>ayesha@LDTS-AYESHASH</b></font>:<font color="#729FCF"><b>~/Documents/Docker Training/docker-flask-web-app-production</b></font>$ docker login docker.io
Authenticating with existing credentials...
WARNING! Your password will be stored unencrypted in /home/ayesha/.docker/config.json.
Configure a credential helper to remove this warning. See
https://docs.docker.com/engine/reference/commandline/login/#credentials-store

Login Succeeded
<font color="#8AE234"><b>ayesha@LDTS-AYESHASH</b></font>:<font color="#729FCF"><b>~/Documents/Docker Training/docker-flask-web-app-production</b></font>$ docker push ayeshashafiquedocker/1c59be8bb2cd
The push refers to repository [docker.io/ayeshashafiquedocker/1c59be8bb2cd]
An image does not exist locally with the tag: ayeshashafiquedocker/1c59be8bb2cd
<font color="#8AE234"><b>ayesha@LDTS-AYESHASH</b></font>:<font color="#729FCF"><b>~/Documents/Docker Training/docker-flask-web-app-production</b></font>$ docker image ls --all
REPOSITORY                          TAG                  IMAGE ID            CREATED             SIZE
&lt;none&gt;                              &lt;none&gt;               98099f95c713        9 minutes ago       717MB
&lt;none&gt;                              &lt;none&gt;               e922d2210db3        9 minutes ago       717MB
docker-flask                        latest05             1c59be8bb2cd        9 minutes ago       717MB
docker-flask                        latest04             171ea276bad2        9 minutes ago       717MB
&lt;none&gt;                              &lt;none&gt;               d536fa334062        9 minutes ago       717MB
&lt;none&gt;                              &lt;none&gt;               fed5351bb2fa        9 minutes ago       717MB
docker-flask                        latest03             fc25cfbf2f68        About an hour ago   717MB
&lt;none&gt;                              &lt;none&gt;               cb08620f708f        About an hour ago   717MB
&lt;none&gt;                              &lt;none&gt;               ead18f94a6e7        About an hour ago   717MB
docker-flask                        latest02             ff4a57952298        About an hour ago   717MB
&lt;none&gt;                              &lt;none&gt;               e02e3b3c95b1        About an hour ago   717MB
&lt;none&gt;                              &lt;none&gt;               57673af354ab        About an hour ago   717MB
docker-flask                        latest01             2e4ed2ac0188        2 hours ago         717MB
&lt;none&gt;                              &lt;none&gt;               1bddfa3bb0e6        2 hours ago         717MB
&lt;none&gt;                              &lt;none&gt;               bfc0cc89b0e0        2 hours ago         717MB
&lt;none&gt;                              &lt;none&gt;               413ae468e5c1        2 hours ago         706MB
&lt;none&gt;                              &lt;none&gt;               4f45c6be9586        2 hours ago         504MB
&lt;none&gt;                              &lt;none&gt;               ec933e2aac0d        2 hours ago         504MB
docker-flask                        latest               8b5b4041e234        2 hours ago         741MB
&lt;none&gt;                              &lt;none&gt;               5fd03ab6f730        2 hours ago         741MB
&lt;none&gt;                              &lt;none&gt;               377f18602ffd        2 hours ago         741MB
&lt;none&gt;                              &lt;none&gt;               7b1ac6b0cbd7        2 hours ago         731MB
&lt;none&gt;                              &lt;none&gt;               2db1e130de91        2 hours ago         504MB
&lt;none&gt;                              &lt;none&gt;               cb60f7073226        2 hours ago         504MB
&lt;none&gt;                              &lt;none&gt;               44725819be6a        2 hours ago         504MB
&lt;none&gt;                              &lt;none&gt;               d96a877ced65        2 hours ago         64.2MB
&lt;none&gt;                              &lt;none&gt;               352f8f5640ac        4 days ago          1.51GB
&lt;none&gt;                              &lt;none&gt;               35cbada26b40        4 days ago          1.51GB
&lt;none&gt;                              &lt;none&gt;               29181f6c28fb        4 days ago          1.51GB
&lt;none&gt;                              &lt;none&gt;               e4eb6ebf2b13        4 days ago          1.48GB
&lt;none&gt;                              &lt;none&gt;               f0a1320be4ff        4 days ago          1.49GB
flask-tutorial                      python3_latest_v10   94d96d915860        4 days ago          1.51GB
&lt;none&gt;                              &lt;none&gt;               4e781e473caf        4 days ago          1.51GB
&lt;none&gt;                              &lt;none&gt;               53f3caca8333        4 days ago          1.51GB
&lt;none&gt;                              &lt;none&gt;               b335ee08f9e4        4 days ago          1.49GB
&lt;none&gt;                              &lt;none&gt;               2173c75c9b8d        4 days ago          1.49GB
&lt;none&gt;                              &lt;none&gt;               28da938dc2f9        4 days ago          1.51GB
&lt;none&gt;                              &lt;none&gt;               9e2d147ac516        4 days ago          1.51GB
&lt;none&gt;                              &lt;none&gt;               ec80b3cc4f61        4 days ago          1.51GB
&lt;none&gt;                              &lt;none&gt;               fbfdcdda9faa        4 days ago          1.49GB
&lt;none&gt;                              &lt;none&gt;               33c5bc24df0c        4 days ago          1.49GB
&lt;none&gt;                              &lt;none&gt;               721fac295a90        4 days ago          1.49GB
&lt;none&gt;                              &lt;none&gt;               606b7220b017        4 days ago          1.51GB
&lt;none&gt;                              &lt;none&gt;               6867033e8ef0        4 days ago          1.51GB
&lt;none&gt;                              &lt;none&gt;               02ca872bcc0d        4 days ago          1.51GB
&lt;none&gt;                              &lt;none&gt;               007737c1119c        4 days ago          1.51GB
&lt;none&gt;                              &lt;none&gt;               b274e1351f62        4 days ago          1.51GB
&lt;none&gt;                              &lt;none&gt;               db0a590252d1        4 days ago          1.49GB
&lt;none&gt;                              &lt;none&gt;               8cef82e71aa5        4 days ago          1.49GB
&lt;none&gt;                              &lt;none&gt;               aa1bf12484b0        4 days ago          1.49GB
&lt;none&gt;                              &lt;none&gt;               935f39598ec0        4 days ago          1.51GB
&lt;none&gt;                              &lt;none&gt;               9adb1c52daab        4 days ago          1.51GB
&lt;none&gt;                              &lt;none&gt;               28b7e87c4045        4 days ago          1.51GB
&lt;none&gt;                              &lt;none&gt;               081e982eaf12        4 days ago          1.51GB
&lt;none&gt;                              &lt;none&gt;               5deadf970470        4 days ago          1.51GB
&lt;none&gt;                              &lt;none&gt;               38765942600b        4 days ago          1.49GB
&lt;none&gt;                              &lt;none&gt;               a2406b207295        4 days ago          1.49GB
&lt;none&gt;                              &lt;none&gt;               00dba85a144d        4 days ago          1.49GB
&lt;none&gt;                              &lt;none&gt;               0f8d8cd9b7d5        4 days ago          1.51GB
&lt;none&gt;                              &lt;none&gt;               c592bc2d6c26        4 days ago          1.51GB
&lt;none&gt;                              &lt;none&gt;               bda913d99650        4 days ago          1.51GB
&lt;none&gt;                              &lt;none&gt;               5edb11fdf8c3        4 days ago          1.51GB
&lt;none&gt;                              &lt;none&gt;               900681e50e83        4 days ago          1.51GB
&lt;none&gt;                              &lt;none&gt;               682c17629edf        4 days ago          1.49GB
&lt;none&gt;                              &lt;none&gt;               0bb16189efff        4 days ago          1.49GB
&lt;none&gt;                              &lt;none&gt;               980bc9defcfa        4 days ago          1.51GB
&lt;none&gt;                              &lt;none&gt;               c824b3d31622        4 days ago          1.51GB
&lt;none&gt;                              &lt;none&gt;               7ba9acfa6b73        4 days ago          1.51GB
&lt;none&gt;                              &lt;none&gt;               b3614900f3a1        4 days ago          1.51GB
&lt;none&gt;                              &lt;none&gt;               2eaeb06c7b79        4 days ago          1.51GB
&lt;none&gt;                              &lt;none&gt;               59f7b7466399        4 days ago          1.49GB
&lt;none&gt;                              &lt;none&gt;               a9eda87989b5        4 days ago          1.49GB
&lt;none&gt;                              &lt;none&gt;               97f769cf7638        4 days ago          1.51GB
&lt;none&gt;                              &lt;none&gt;               1821de284afa        4 days ago          1.51GB
&lt;none&gt;                              &lt;none&gt;               a6fda15ddc68        4 days ago          1.51GB
&lt;none&gt;                              &lt;none&gt;               ba909bd25c15        4 days ago          1.49GB
&lt;none&gt;                              &lt;none&gt;               1724b6d58aa2        4 days ago          1.49GB
&lt;none&gt;                              &lt;none&gt;               ea285a86c3ef        4 days ago          1.51GB
&lt;none&gt;                              &lt;none&gt;               e493249e0e26        4 days ago          1.51GB
&lt;none&gt;                              &lt;none&gt;               a0cff855ecb7        4 days ago          1.51GB
&lt;none&gt;                              &lt;none&gt;               620fb9b9c898        4 days ago          1.49GB
&lt;none&gt;                              &lt;none&gt;               4093d94baba1        4 days ago          1.49GB
flask-tutorial                      python3_latest_v9    4f0cfca0babb        4 days ago          1.51GB
&lt;none&gt;                              &lt;none&gt;               b954a7657094        4 days ago          1.51GB
&lt;none&gt;                              &lt;none&gt;               2fa18a4d9b46        4 days ago          1.51GB
&lt;none&gt;                              &lt;none&gt;               b81b8e6c8fd7        4 days ago          1.49GB
&lt;none&gt;                              &lt;none&gt;               6d7213ba3734        4 days ago          1.49GB
&lt;none&gt;                              &lt;none&gt;               617bf9026db7        4 days ago          1.51GB
&lt;none&gt;                              &lt;none&gt;               be3f91d54d6c        4 days ago          1.51GB
&lt;none&gt;                              &lt;none&gt;               8dc56f1e6cea        4 days ago          1.51GB
&lt;none&gt;                              &lt;none&gt;               86686fc6209a        4 days ago          1.49GB
&lt;none&gt;                              &lt;none&gt;               f830daee0b3a        4 days ago          1.49GB
&lt;none&gt;                              &lt;none&gt;               3551b007f710        4 days ago          1.51GB
&lt;none&gt;                              &lt;none&gt;               fa222300ee32        4 days ago          1.51GB
&lt;none&gt;                              &lt;none&gt;               d887ecd257de        4 days ago          1.51GB
&lt;none&gt;                              &lt;none&gt;               10b7e361147f        4 days ago          1.49GB
&lt;none&gt;                              &lt;none&gt;               2bc733d762dd        4 days ago          1.49GB
&lt;none&gt;                              &lt;none&gt;               a51be40cffb9        4 days ago          1.51GB
&lt;none&gt;                              &lt;none&gt;               87241da0b501        4 days ago          1.51GB
&lt;none&gt;                              &lt;none&gt;               90b4c72ab7df        4 days ago          1.51GB
&lt;none&gt;                              &lt;none&gt;               7dac4ee4eed4        4 days ago          1.49GB
&lt;none&gt;                              &lt;none&gt;               a5a440a9e36d        4 days ago          1.49GB
&lt;none&gt;                              &lt;none&gt;               032418122323        4 days ago          1.51GB
&lt;none&gt;                              &lt;none&gt;               353c1ce13bdc        4 days ago          1.51GB
&lt;none&gt;                              &lt;none&gt;               3438d8923ccc        4 days ago          1.51GB
&lt;none&gt;                              &lt;none&gt;               9940f1f5e283        4 days ago          1.49GB
&lt;none&gt;                              &lt;none&gt;               9d5aa683a60b        4 days ago          1.49GB
&lt;none&gt;                              &lt;none&gt;               da5565d539e8        4 days ago          1.51GB
&lt;none&gt;                              &lt;none&gt;               4f1e9ab44b0a        4 days ago          1.51GB
&lt;none&gt;                              &lt;none&gt;               114094237509        4 days ago          1.51GB
&lt;none&gt;                              &lt;none&gt;               78b2bbc58a15        4 days ago          1.49GB
&lt;none&gt;                              &lt;none&gt;               7e29cb8ef48c        4 days ago          1.49GB
flask-tutorial                      python3_latest_v8    f431fce2aacc        4 days ago          1.51GB
&lt;none&gt;                              &lt;none&gt;               18027f72fdeb        4 days ago          1.51GB
&lt;none&gt;                              &lt;none&gt;               3dde31149b83        4 days ago          1.51GB
&lt;none&gt;                              &lt;none&gt;               138480b9550a        4 days ago          1.49GB
&lt;none&gt;                              &lt;none&gt;               e093272d56db        4 days ago          1.49GB
&lt;none&gt;                              &lt;none&gt;               681be007a801        4 days ago          1.48GB
&lt;none&gt;                              &lt;none&gt;               7ba1c906bad1        4 days ago          1.48GB
&lt;none&gt;                              &lt;none&gt;               84208829a272        4 days ago          681MB
flask-tutorial                      python3_latest_v7    18038bfcf7d7        4 days ago          681MB
&lt;none&gt;                              &lt;none&gt;               984c48d0370c        4 days ago          681MB
&lt;none&gt;                              &lt;none&gt;               b1a3cac9d086        4 days ago          479MB
&lt;none&gt;                              &lt;none&gt;               5f9430b02294        4 days ago          479MB
&lt;none&gt;                              &lt;none&gt;               243812a4ee64        4 days ago          479MB
&lt;none&gt;                              &lt;none&gt;               3ca4f7b07b9b        4 days ago          479MB
&lt;none&gt;                              &lt;none&gt;               f6d4b9e4f9bc        4 days ago          468MB
flask-tutorial                      python3_latest_v5    bb198826ef2a        4 days ago          681MB
&lt;none&gt;                              &lt;none&gt;               a5a73d491bd8        4 days ago          681MB
&lt;none&gt;                              &lt;none&gt;               9c7fd4825bf2        4 days ago          681MB
&lt;none&gt;                              &lt;none&gt;               862a2beb6aee        4 days ago          479MB
&lt;none&gt;                              &lt;none&gt;               8aefc1083b93        4 days ago          479MB
flask-tutorial                      python3_latest_v4    39a34c6c1de6        4 days ago          681MB
&lt;none&gt;                              &lt;none&gt;               2731eea7f22c        4 days ago          681MB
&lt;none&gt;                              &lt;none&gt;               5b6af7ecf2be        4 days ago          681MB
&lt;none&gt;                              &lt;none&gt;               106035f603f7        4 days ago          479MB
&lt;none&gt;                              &lt;none&gt;               d99984d9d6aa        4 days ago          479MB
&lt;none&gt;                              &lt;none&gt;               1e19c3c60f69        4 days ago          468MB
flask-tutorial                      python3_latest_v3    42bd58cb89d1        4 days ago          672MB
&lt;none&gt;                              &lt;none&gt;               ddb060f2220b        4 days ago          672MB
&lt;none&gt;                              &lt;none&gt;               262fc6ccbb50        4 days ago          672MB
&lt;none&gt;                              &lt;none&gt;               f6752b309edd        4 days ago          479MB
&lt;none&gt;                              &lt;none&gt;               2a8d35f29c52        4 days ago          479MB
&lt;none&gt;                              &lt;none&gt;               053ca6a3baaa        4 days ago          468MB
&lt;none&gt;                              &lt;none&gt;               d76108f83888        4 days ago          479MB
&lt;none&gt;                              &lt;none&gt;               3741b581003b        4 days ago          479MB
&lt;none&gt;                              &lt;none&gt;               89c9ae55ecc8        4 days ago          468MB
flask-tutorial                      python3_latest_v2    5725ca177611        4 days ago          670MB
&lt;none&gt;                              &lt;none&gt;               ce8f9a619ffc        4 days ago          670MB
&lt;none&gt;                              &lt;none&gt;               a11c1777c107        4 days ago          670MB
&lt;none&gt;                              &lt;none&gt;               b234717d37f4        4 days ago          479MB
&lt;none&gt;                              &lt;none&gt;               ee966e3839e4        4 days ago          479MB
&lt;none&gt;                              &lt;none&gt;               bad12fbf5153        4 days ago          468MB
flask-tutorial                      python3_latest       42fb71df2205        4 days ago          694MB
&lt;none&gt;                              &lt;none&gt;               281ea3e1aeca        4 days ago          694MB
&lt;none&gt;                              &lt;none&gt;               f5c78e77c682        4 days ago          694MB
&lt;none&gt;                              &lt;none&gt;               99d4e231f4b7        4 days ago          479MB
&lt;none&gt;                              &lt;none&gt;               1550f62c1691        4 days ago          479MB
&lt;none&gt;                              &lt;none&gt;               082a35005ccd        4 days ago          479MB
&lt;none&gt;                              &lt;none&gt;               752e7b1bfad3        4 days ago          479MB
&lt;none&gt;                              &lt;none&gt;               e566084ae2cc        4 days ago          468MB
&lt;none&gt;                              &lt;none&gt;               0a752ca1b0da        4 days ago          468MB
&lt;none&gt;                              &lt;none&gt;               9c4e2c7650d7        4 days ago          644MB
flask-tutorial                      latest               5a11986e36d9        4 days ago          644MB
&lt;none&gt;                              &lt;none&gt;               79e45623dc33        4 days ago          644MB
&lt;none&gt;                              &lt;none&gt;               d4a29dff6614        4 days ago          442MB
&lt;none&gt;                              &lt;none&gt;               3a6c28c42e0c        4 days ago          442MB
&lt;none&gt;                              &lt;none&gt;               636fc1d915f0        4 days ago          431MB
&lt;none&gt;                              &lt;none&gt;               6216bdf461e6        4 days ago          431MB
ayeshashafiquedocker/ubuntu         v1                   318457b1782a        4 days ago          92.7MB
ayeshashafiquedocker/ubuntu-hello   v1                   775349758637        10 days ago         64.2MB
ubuntu                              18.04                775349758637        10 days ago         64.2MB
ubuntu                              latest               775349758637        10 days ago         64.2MB
jjanzic/docker-python3-opencv       latest               7b19919b069b        4 weeks ago         1.36GB
<font color="#8AE234"><b>ayesha@LDTS-AYESHASH</b></font>:<font color="#729FCF"><b>~/Documents/Docker Training/docker-flask-web-app-production</b></font>$ docker build -t docker-flask:latest06 .
Sending build context to Docker daemon  10.76MB
Step 1/9 : FROM ubuntu:18.04
 ---&gt; 775349758637
Step 2/9 : LABEL maintainer=&quot;me@mail.com&quot;
 ---&gt; Using cache
 ---&gt; d96a877ced65
Step 3/9 : RUN apt-get update -y &amp;&amp; apt-get install -y build-essential cmake libsm6 libxext6 libxrender-dev python3 python3-pip python3-dev
 ---&gt; Using cache
 ---&gt; 44725819be6a
Step 4/9 : COPY ./requirements.txt /app/requirements.txt
 ---&gt; Using cache
 ---&gt; 4f45c6be9586
Step 5/9 : WORKDIR /app
 ---&gt; Using cache
 ---&gt; ec933e2aac0d
Step 6/9 : RUN pip3 install -r requirements.txt
 ---&gt; Using cache
 ---&gt; 413ae468e5c1
Step 7/9 : COPY . /app
 ---&gt; Using cache
 ---&gt; e922d2210db3
Step 8/9 : ENTRYPOINT [&quot;python3&quot;]
 ---&gt; Using cache
 ---&gt; 98099f95c713
Step 9/9 : CMD [&quot;webstreaming.py&quot;]
 ---&gt; Using cache
 ---&gt; 1c59be8bb2cd
Successfully built 1c59be8bb2cd
Successfully tagged docker-flask:latest06
<font color="#8AE234"><b>ayesha@LDTS-AYESHASH</b></font>:<font color="#729FCF"><b>~/Documents/Docker Training/docker-flask-web-app-production</b></font>$ docker run --device /dev/video0  -h 172.17.0.2 docker-flask:latest06
 * Running on http://172.17.0.2:5000/ (Press CTRL+C to quit)
172.17.0.1 - - [11/Nov/2019 09:14:02] &quot;GET / HTTP/1.1&quot; 200 -
172.17.0.1 - - [11/Nov/2019 09:14:02] &quot;GET /video_feed HTTP/1.1&quot; 200 -
^CHi
Hi
Hi
Hi
Hi
Hi
Hi
Hi
Hi
Hi
Hi
Hi
Hi
Hi
Hi
Hi
Hi
Hi
Hi
Hi
Hi
Hi
Hi
Hi
Hi
Hi
Hi
Hi
Hi
Hi
Hi
Hi
Hi
Hi
Hi
Hi
Hi
Hi
Hi
Hi
Hi
Hi
Hi
Hi
Hi
Hi
Hi
Hi
Hi
Hi
Hi
Hi
Hi
Hi
Hi
Hi
Hi
Hi
Hi
Hi
Hi
Hi
Hi
Hi
Hi
Hi
Hi
Hi
Hi
Hi
Hi
Hi
Hi
Hi
Hi
Hi
Hi
Hi
Hi
Hi
Hi
Hi
Hi
Hi
Hi
Hi
Hi
Hi
Hi
Hi
Hi
Hi
Hi
Hi
Hi
Hi
Hi
Hi
Hi
Hi
Hi
Hi
Hi
Hi
Hi
Hi
Hi
Hi
Hi
Hi
Hi
Hi
Hi
Hi
Hi
Hi
Hi
Hi
Hi
Hi
Hi
Hi
Hi
Hi
Hi
Hi
Hi
Hi
Hi
Hi
Hi
Hi
Hi
Hi
Hi
Hi
Hi
Hi
Hi
Hi
Hi
Hi
Hi
Hi
Hi
Hi
Hi
Hi
Hi
Hi
Hi
Hi
Hi
Hi
Hi
Hi
Hi
Hi
Hi
Hi
Hi
Hi
Hi
Hi
Hi
Hi
Hi
Hi
Hi
Hi
Hi
Hi
Hi
Hi
Hi
Hi
Hi
Hi
Hi
Hi
Hi
Hi
Hi
Hi
Hi
Hi
Hi
Hi
Hi
Hi
Hi
Hi
Hi
Hi
Hi
Hi
Hi
Hi
Hi
Hi
Hi
Hi
Hi
Hi
Hi
Hi
Hi
Hi
Hi
Hi
Hi
Hi
Hi
Hi
Hi
Hi
terminate called without an active exception
<font color="#8AE234"><b>ayesha@LDTS-AYESHASH</b></font>:<font color="#729FCF"><b>~/Documents/Docker Training/docker-flask-web-app-production</b></font>$ docker build -t docker-flask:latest07 .
Sending build context to Docker daemon  10.76MB
Step 1/9 : FROM ubuntu:18.04
 ---&gt; 775349758637
Step 2/9 : LABEL maintainer=&quot;me@mail.com&quot;
 ---&gt; Using cache
 ---&gt; d96a877ced65
Step 3/9 : RUN apt-get update -y &amp;&amp; apt-get install -y build-essential cmake libsm6 libxext6 libxrender-dev python3 python3-pip python3-dev
 ---&gt; Using cache
 ---&gt; 44725819be6a
Step 4/9 : COPY ./requirements.txt /app/requirements.txt
 ---&gt; Using cache
 ---&gt; 4f45c6be9586
Step 5/9 : WORKDIR /app
 ---&gt; Using cache
 ---&gt; ec933e2aac0d
Step 6/9 : RUN pip3 install -r requirements.txt
 ---&gt; Using cache
 ---&gt; 413ae468e5c1
Step 7/9 : COPY . /app
 ---&gt; 47f65697979d
Step 8/9 : ENTRYPOINT [&quot;python3&quot;]
 ---&gt; Running in 590167dd9348
Removing intermediate container 590167dd9348
 ---&gt; 464ea1e7b4b9
Step 9/9 : CMD [&quot;webstreaming.py&quot;]
 ---&gt; Running in 1c7f49bc713b
Removing intermediate container 1c7f49bc713b
 ---&gt; 162d9fd08592
Successfully built 162d9fd08592
Successfully tagged docker-flask:latest07
<font color="#8AE234"><b>ayesha@LDTS-AYESHASH</b></font>:<font color="#729FCF"><b>~/Documents/Docker Training/docker-flask-web-app-production</b></font>$ docker run --device /dev/video0  -h 172.17.0.2 docker-flask:latest07
 * Running on http://172.17.0.2:5000/ (Press CTRL+C to quit)
172.17.0.1 - - [11/Nov/2019 09:14:59] &quot;GET / HTTP/1.1&quot; 200 -
172.17.0.1 - - [11/Nov/2019 09:14:59] &quot;GET /video_feed HTTP/1.1&quot; 200 -
172.17.0.1 - - [11/Nov/2019 09:15:05] &quot;GET /favicon.ico HTTP/1.1&quot; 404 -
172.17.0.1 - - [11/Nov/2019 09:15:05] &quot;GET / HTTP/1.1&quot; 200 -
172.17.0.1 - - [11/Nov/2019 09:15:08] &quot;GET / HTTP/1.1&quot; 200 -
172.17.0.1 - - [11/Nov/2019 09:15:08] &quot;GET /video_feed HTTP/1.1&quot; 200 -
^CFATAL: exception not rethrown
<font color="#8AE234"><b>ayesha@LDTS-AYESHASH</b></font>:<font color="#729FCF"><b>~/Documents/Docker Training/docker-flask-web-app-production</b></font>$ docker push ayeshashafiquedocker/docker-flask:latest07
The push refers to repository [docker.io/ayeshashafiquedocker/docker-flask]
An image does not exist locally with the tag: ayeshashafiquedocker/docker-flask
<font color="#8AE234"><b>ayesha@LDTS-AYESHASH</b></font>:<font color="#729FCF"><b>~/Documents/Docker Training/docker-flask-web-app-production</b></font>$ docker container commit 162d9fd08592 ayeshashafiquedocker/docker-flask:latest07
Error response from daemon: No such container: 162d9fd08592
<font color="#8AE234"><b>ayesha@LDTS-AYESHASH</b></font>:<font color="#729FCF"><b>~/Documents/Docker Training/docker-flask-web-app-production</b></font>$ docker container commit ayeshashafiquedocker/docker-flask:latest07
Error response from daemon: No such container: ayeshashafiquedocker/docker-flask:latest07
<font color="#8AE234"><b>ayesha@LDTS-AYESHASH</b></font>:<font color="#729FCF"><b>~/Documents/Docker Training/docker-flask-web-app-production</b></font>$ docker image ls --all
REPOSITORY                          TAG                  IMAGE ID            CREATED             SIZE
docker-flask                        latest07             162d9fd08592        4 minutes ago       717MB
&lt;none&gt;                              &lt;none&gt;               47f65697979d        4 minutes ago       717MB
&lt;none&gt;                              &lt;none&gt;               464ea1e7b4b9        4 minutes ago       717MB
docker-flask                        latest05             1c59be8bb2cd        15 minutes ago      717MB
docker-flask                        latest06             1c59be8bb2cd        15 minutes ago      717MB
&lt;none&gt;                              &lt;none&gt;               98099f95c713        15 minutes ago      717MB
&lt;none&gt;                              &lt;none&gt;               e922d2210db3        15 minutes ago      717MB
docker-flask                        latest04             171ea276bad2        16 minutes ago      717MB
&lt;none&gt;                              &lt;none&gt;               d536fa334062        16 minutes ago      717MB
&lt;none&gt;                              &lt;none&gt;               fed5351bb2fa        16 minutes ago      717MB
docker-flask                        latest03             fc25cfbf2f68        About an hour ago   717MB
&lt;none&gt;                              &lt;none&gt;               cb08620f708f        About an hour ago   717MB
&lt;none&gt;                              &lt;none&gt;               ead18f94a6e7        About an hour ago   717MB
&lt;none&gt;                              &lt;none&gt;               e02e3b3c95b1        About an hour ago   717MB
docker-flask                        latest02             ff4a57952298        About an hour ago   717MB
&lt;none&gt;                              &lt;none&gt;               57673af354ab        About an hour ago   717MB
docker-flask                        latest01             2e4ed2ac0188        2 hours ago         717MB
&lt;none&gt;                              &lt;none&gt;               1bddfa3bb0e6        2 hours ago         717MB
&lt;none&gt;                              &lt;none&gt;               bfc0cc89b0e0        2 hours ago         717MB
&lt;none&gt;                              &lt;none&gt;               413ae468e5c1        2 hours ago         706MB
&lt;none&gt;                              &lt;none&gt;               4f45c6be9586        2 hours ago         504MB
&lt;none&gt;                              &lt;none&gt;               ec933e2aac0d        2 hours ago         504MB
docker-flask                        latest               8b5b4041e234        2 hours ago         741MB
&lt;none&gt;                              &lt;none&gt;               377f18602ffd        2 hours ago         741MB
&lt;none&gt;                              &lt;none&gt;               5fd03ab6f730        2 hours ago         741MB
&lt;none&gt;                              &lt;none&gt;               7b1ac6b0cbd7        2 hours ago         731MB
&lt;none&gt;                              &lt;none&gt;               2db1e130de91        2 hours ago         504MB
&lt;none&gt;                              &lt;none&gt;               cb60f7073226        2 hours ago         504MB
&lt;none&gt;                              &lt;none&gt;               44725819be6a        2 hours ago         504MB
&lt;none&gt;                              &lt;none&gt;               d96a877ced65        2 hours ago         64.2MB
&lt;none&gt;                              &lt;none&gt;               35cbada26b40        4 days ago          1.51GB
&lt;none&gt;                              &lt;none&gt;               352f8f5640ac        4 days ago          1.51GB
&lt;none&gt;                              &lt;none&gt;               29181f6c28fb        4 days ago          1.51GB
&lt;none&gt;                              &lt;none&gt;               f0a1320be4ff        4 days ago          1.49GB
&lt;none&gt;                              &lt;none&gt;               e4eb6ebf2b13        4 days ago          1.48GB
flask-tutorial                      python3_latest_v10   94d96d915860        4 days ago          1.51GB
&lt;none&gt;                              &lt;none&gt;               4e781e473caf        4 days ago          1.51GB
&lt;none&gt;                              &lt;none&gt;               53f3caca8333        4 days ago          1.51GB
&lt;none&gt;                              &lt;none&gt;               b335ee08f9e4        4 days ago          1.49GB
&lt;none&gt;                              &lt;none&gt;               2173c75c9b8d        4 days ago          1.49GB
&lt;none&gt;                              &lt;none&gt;               9e2d147ac516        4 days ago          1.51GB
&lt;none&gt;                              &lt;none&gt;               28da938dc2f9        4 days ago          1.51GB
&lt;none&gt;                              &lt;none&gt;               ec80b3cc4f61        4 days ago          1.51GB
&lt;none&gt;                              &lt;none&gt;               fbfdcdda9faa        4 days ago          1.49GB
&lt;none&gt;                              &lt;none&gt;               721fac295a90        4 days ago          1.49GB
&lt;none&gt;                              &lt;none&gt;               33c5bc24df0c        4 days ago          1.49GB
&lt;none&gt;                              &lt;none&gt;               606b7220b017        4 days ago          1.51GB
&lt;none&gt;                              &lt;none&gt;               6867033e8ef0        4 days ago          1.51GB
&lt;none&gt;                              &lt;none&gt;               007737c1119c        4 days ago          1.51GB
&lt;none&gt;                              &lt;none&gt;               02ca872bcc0d        4 days ago          1.51GB
&lt;none&gt;                              &lt;none&gt;               b274e1351f62        4 days ago          1.51GB
&lt;none&gt;                              &lt;none&gt;               db0a590252d1        4 days ago          1.49GB
&lt;none&gt;                              &lt;none&gt;               8cef82e71aa5        4 days ago          1.49GB
&lt;none&gt;                              &lt;none&gt;               aa1bf12484b0        4 days ago          1.49GB
&lt;none&gt;                              &lt;none&gt;               935f39598ec0        4 days ago          1.51GB
&lt;none&gt;                              &lt;none&gt;               9adb1c52daab        4 days ago          1.51GB
&lt;none&gt;                              &lt;none&gt;               28b7e87c4045        4 days ago          1.51GB
&lt;none&gt;                              &lt;none&gt;               081e982eaf12        4 days ago          1.51GB
&lt;none&gt;                              &lt;none&gt;               5deadf970470        4 days ago          1.51GB
&lt;none&gt;                              &lt;none&gt;               38765942600b        4 days ago          1.49GB
&lt;none&gt;                              &lt;none&gt;               00dba85a144d        4 days ago          1.49GB
&lt;none&gt;                              &lt;none&gt;               a2406b207295        4 days ago          1.49GB
&lt;none&gt;                              &lt;none&gt;               c592bc2d6c26        4 days ago          1.51GB
&lt;none&gt;                              &lt;none&gt;               0f8d8cd9b7d5        4 days ago          1.51GB
&lt;none&gt;                              &lt;none&gt;               5edb11fdf8c3        4 days ago          1.51GB
&lt;none&gt;                              &lt;none&gt;               bda913d99650        4 days ago          1.51GB
&lt;none&gt;                              &lt;none&gt;               900681e50e83        4 days ago          1.51GB
&lt;none&gt;                              &lt;none&gt;               682c17629edf        4 days ago          1.49GB
&lt;none&gt;                              &lt;none&gt;               0bb16189efff        4 days ago          1.49GB
&lt;none&gt;                              &lt;none&gt;               c824b3d31622        4 days ago          1.51GB
&lt;none&gt;                              &lt;none&gt;               980bc9defcfa        4 days ago          1.51GB
&lt;none&gt;                              &lt;none&gt;               b3614900f3a1        4 days ago          1.51GB
&lt;none&gt;                              &lt;none&gt;               7ba9acfa6b73        4 days ago          1.51GB
&lt;none&gt;                              &lt;none&gt;               2eaeb06c7b79        4 days ago          1.51GB
&lt;none&gt;                              &lt;none&gt;               a9eda87989b5        4 days ago          1.49GB
&lt;none&gt;                              &lt;none&gt;               59f7b7466399        4 days ago          1.49GB
&lt;none&gt;                              &lt;none&gt;               97f769cf7638        4 days ago          1.51GB
&lt;none&gt;                              &lt;none&gt;               1821de284afa        4 days ago          1.51GB
&lt;none&gt;                              &lt;none&gt;               a6fda15ddc68        4 days ago          1.51GB
&lt;none&gt;                              &lt;none&gt;               ba909bd25c15        4 days ago          1.49GB
&lt;none&gt;                              &lt;none&gt;               1724b6d58aa2        4 days ago          1.49GB
&lt;none&gt;                              &lt;none&gt;               ea285a86c3ef        4 days ago          1.51GB
&lt;none&gt;                              &lt;none&gt;               e493249e0e26        4 days ago          1.51GB
&lt;none&gt;                              &lt;none&gt;               a0cff855ecb7        4 days ago          1.51GB
&lt;none&gt;                              &lt;none&gt;               4093d94baba1        4 days ago          1.49GB
&lt;none&gt;                              &lt;none&gt;               620fb9b9c898        4 days ago          1.49GB
&lt;none&gt;                              &lt;none&gt;               b954a7657094        4 days ago          1.51GB
flask-tutorial                      python3_latest_v9    4f0cfca0babb        4 days ago          1.51GB
&lt;none&gt;                              &lt;none&gt;               2fa18a4d9b46        4 days ago          1.51GB
&lt;none&gt;                              &lt;none&gt;               b81b8e6c8fd7        4 days ago          1.49GB
&lt;none&gt;                              &lt;none&gt;               6d7213ba3734        4 days ago          1.49GB
&lt;none&gt;                              &lt;none&gt;               be3f91d54d6c        4 days ago          1.51GB
&lt;none&gt;                              &lt;none&gt;               617bf9026db7        4 days ago          1.51GB
&lt;none&gt;                              &lt;none&gt;               8dc56f1e6cea        4 days ago          1.51GB
&lt;none&gt;                              &lt;none&gt;               86686fc6209a        4 days ago          1.49GB
&lt;none&gt;                              &lt;none&gt;               f830daee0b3a        4 days ago          1.49GB
&lt;none&gt;                              &lt;none&gt;               3551b007f710        4 days ago          1.51GB
&lt;none&gt;                              &lt;none&gt;               d887ecd257de        4 days ago          1.51GB
&lt;none&gt;                              &lt;none&gt;               fa222300ee32        4 days ago          1.51GB
&lt;none&gt;                              &lt;none&gt;               10b7e361147f        4 days ago          1.49GB
&lt;none&gt;                              &lt;none&gt;               2bc733d762dd        4 days ago          1.49GB
&lt;none&gt;                              &lt;none&gt;               a51be40cffb9        4 days ago          1.51GB
&lt;none&gt;                              &lt;none&gt;               87241da0b501        4 days ago          1.51GB
&lt;none&gt;                              &lt;none&gt;               90b4c72ab7df        4 days ago          1.51GB
&lt;none&gt;                              &lt;none&gt;               7dac4ee4eed4        4 days ago          1.49GB
&lt;none&gt;                              &lt;none&gt;               a5a440a9e36d        4 days ago          1.49GB
&lt;none&gt;                              &lt;none&gt;               032418122323        4 days ago          1.51GB
&lt;none&gt;                              &lt;none&gt;               353c1ce13bdc        4 days ago          1.51GB
&lt;none&gt;                              &lt;none&gt;               3438d8923ccc        4 days ago          1.51GB
&lt;none&gt;                              &lt;none&gt;               9940f1f5e283        4 days ago          1.49GB
&lt;none&gt;                              &lt;none&gt;               9d5aa683a60b        4 days ago          1.49GB
&lt;none&gt;                              &lt;none&gt;               4f1e9ab44b0a        4 days ago          1.51GB
&lt;none&gt;                              &lt;none&gt;               da5565d539e8        4 days ago          1.51GB
&lt;none&gt;                              &lt;none&gt;               114094237509        4 days ago          1.51GB
&lt;none&gt;                              &lt;none&gt;               78b2bbc58a15        4 days ago          1.49GB
&lt;none&gt;                              &lt;none&gt;               7e29cb8ef48c        4 days ago          1.49GB
&lt;none&gt;                              &lt;none&gt;               18027f72fdeb        4 days ago          1.51GB
flask-tutorial                      python3_latest_v8    f431fce2aacc        4 days ago          1.51GB
&lt;none&gt;                              &lt;none&gt;               3dde31149b83        4 days ago          1.51GB
&lt;none&gt;                              &lt;none&gt;               138480b9550a        4 days ago          1.49GB
&lt;none&gt;                              &lt;none&gt;               681be007a801        4 days ago          1.48GB
&lt;none&gt;                              &lt;none&gt;               e093272d56db        4 days ago          1.49GB
&lt;none&gt;                              &lt;none&gt;               7ba1c906bad1        4 days ago          1.48GB
flask-tutorial                      python3_latest_v7    18038bfcf7d7        4 days ago          681MB
&lt;none&gt;                              &lt;none&gt;               84208829a272        4 days ago          681MB
&lt;none&gt;                              &lt;none&gt;               984c48d0370c        4 days ago          681MB
&lt;none&gt;                              &lt;none&gt;               5f9430b02294        4 days ago          479MB
&lt;none&gt;                              &lt;none&gt;               b1a3cac9d086        4 days ago          479MB
&lt;none&gt;                              &lt;none&gt;               3ca4f7b07b9b        4 days ago          479MB
&lt;none&gt;                              &lt;none&gt;               243812a4ee64        4 days ago          479MB
&lt;none&gt;                              &lt;none&gt;               f6d4b9e4f9bc        4 days ago          468MB
flask-tutorial                      python3_latest_v5    bb198826ef2a        4 days ago          681MB
&lt;none&gt;                              &lt;none&gt;               a5a73d491bd8        4 days ago          681MB
&lt;none&gt;                              &lt;none&gt;               9c7fd4825bf2        4 days ago          681MB
&lt;none&gt;                              &lt;none&gt;               8aefc1083b93        4 days ago          479MB
&lt;none&gt;                              &lt;none&gt;               862a2beb6aee        4 days ago          479MB
flask-tutorial                      python3_latest_v4    39a34c6c1de6        4 days ago          681MB
&lt;none&gt;                              &lt;none&gt;               2731eea7f22c        4 days ago          681MB
&lt;none&gt;                              &lt;none&gt;               5b6af7ecf2be        4 days ago          681MB
&lt;none&gt;                              &lt;none&gt;               106035f603f7        4 days ago          479MB
&lt;none&gt;                              &lt;none&gt;               d99984d9d6aa        4 days ago          479MB
&lt;none&gt;                              &lt;none&gt;               1e19c3c60f69        4 days ago          468MB
flask-tutorial                      python3_latest_v3    42bd58cb89d1        4 days ago          672MB
&lt;none&gt;                              &lt;none&gt;               ddb060f2220b        4 days ago          672MB
&lt;none&gt;                              &lt;none&gt;               262fc6ccbb50        4 days ago          672MB
&lt;none&gt;                              &lt;none&gt;               f6752b309edd        4 days ago          479MB
&lt;none&gt;                              &lt;none&gt;               053ca6a3baaa        4 days ago          468MB
&lt;none&gt;                              &lt;none&gt;               2a8d35f29c52        4 days ago          479MB
&lt;none&gt;                              &lt;none&gt;               3741b581003b        4 days ago          479MB
&lt;none&gt;                              &lt;none&gt;               d76108f83888        4 days ago          479MB
&lt;none&gt;                              &lt;none&gt;               89c9ae55ecc8        4 days ago          468MB
flask-tutorial                      python3_latest_v2    5725ca177611        4 days ago          670MB
&lt;none&gt;                              &lt;none&gt;               ce8f9a619ffc        4 days ago          670MB
&lt;none&gt;                              &lt;none&gt;               a11c1777c107        4 days ago          670MB
&lt;none&gt;                              &lt;none&gt;               b234717d37f4        4 days ago          479MB
&lt;none&gt;                              &lt;none&gt;               ee966e3839e4        4 days ago          479MB
&lt;none&gt;                              &lt;none&gt;               bad12fbf5153        4 days ago          468MB
flask-tutorial                      python3_latest       42fb71df2205        4 days ago          694MB
&lt;none&gt;                              &lt;none&gt;               281ea3e1aeca        4 days ago          694MB
&lt;none&gt;                              &lt;none&gt;               f5c78e77c682        4 days ago          694MB
&lt;none&gt;                              &lt;none&gt;               99d4e231f4b7        4 days ago          479MB
&lt;none&gt;                              &lt;none&gt;               1550f62c1691        4 days ago          479MB
&lt;none&gt;                              &lt;none&gt;               752e7b1bfad3        4 days ago          479MB
&lt;none&gt;                              &lt;none&gt;               082a35005ccd        4 days ago          479MB
&lt;none&gt;                              &lt;none&gt;               e566084ae2cc        4 days ago          468MB
&lt;none&gt;                              &lt;none&gt;               0a752ca1b0da        4 days ago          468MB
&lt;none&gt;                              &lt;none&gt;               9c4e2c7650d7        4 days ago          644MB
flask-tutorial                      latest               5a11986e36d9        4 days ago          644MB
&lt;none&gt;                              &lt;none&gt;               79e45623dc33        4 days ago          644MB
&lt;none&gt;                              &lt;none&gt;               d4a29dff6614        4 days ago          442MB
&lt;none&gt;                              &lt;none&gt;               3a6c28c42e0c        4 days ago          442MB
&lt;none&gt;                              &lt;none&gt;               636fc1d915f0        4 days ago          431MB
&lt;none&gt;                              &lt;none&gt;               6216bdf461e6        4 days ago          431MB
ayeshashafiquedocker/ubuntu         v1                   318457b1782a        4 days ago          92.7MB
ayeshashafiquedocker/ubuntu-hello   v1                   775349758637        10 days ago         64.2MB
ubuntu                              18.04                775349758637        10 days ago         64.2MB
ubuntu                              latest               775349758637        10 days ago         64.2MB
jjanzic/docker-python3-opencv       latest               7b19919b069b        4 weeks ago         1.36GB
hello-world                         latest               fce289e99eb9        10 months ago       1.84kB
<font color="#8AE234"><b>ayesha@LDTS-AYESHASH</b></font>:<font color="#729FCF"><b>~/Documents/Docker Training/docker-flask-web-app-production</b></font>$ docker ps --al
unknown flag: --al
See &apos;docker ps --help&apos;.
<font color="#8AE234"><b>ayesha@LDTS-AYESHASH</b></font>:<font color="#729FCF"><b>~/Documents/Docker Training/docker-flask-web-app-production</b></font>$ docker ps --all
CONTAINER ID        IMAGE                                  COMMAND                  CREATED             STATUS                           PORTS               NAMES
6ef4a0b96576        docker-flask:latest07                  &quot;python3 webstreamin&quot;   6 minutes ago       Exited (139) 5 minutes ago                           gracious_saha
2cdf937cb665        docker-flask:latest06                  &quot;python3 webstreamin&quot;   7 minutes ago       Exited (139) 6 minutes ago                           distracted_varahamihira
941e072956fc        1c59be8bb2cd                           &quot;python3 webstreamin&quot;   11 minutes ago      Exited (139) 11 minutes ago                          relaxed_ritchie
67ae9723b090        1c59be8bb2cd                           &quot;python3 webstreamin&quot;   17 minutes ago      Exited (0) 16 minutes ago                            blissful_euler
ced57a55b482        171ea276bad2                           &quot;python3 webstreamin&quot;   17 minutes ago      Exited (1) 17 minutes ago                            stupefied_bose
096b7dd03a10        fc25cfbf2f68                           &quot;python3 webstreamin&quot;   About an hour ago   Exited (139) 18 minutes ago                          jolly_pike
da3a5760664d        ff4a57952298                           &quot;python3 webstreamin&quot;   About an hour ago   Exited (139) About an hour ago                       laughing_elbakyan
f64c0507e547        ff4a57952298                           &quot;python3 webstreamin&quot;   About an hour ago   Exited (139) About an hour ago                       nice_wu
b0e0572bb6bf        2e4ed2ac0188                           &quot;python3 webstreamin&quot;   About an hour ago   Exited (139) About an hour ago                       epic_gould
2281d65709b0        2e4ed2ac0188                           &quot;python3 webstreamin&quot;   About an hour ago   Exited (139) About an hour ago                       lucid_varahamihira
376f5f7a77ac        2e4ed2ac0188                           &quot;python3 webstreamin&quot;   2 hours ago         Exited (139) About an hour ago                       magical_chebyshev
5e476ecb744c        2e4ed2ac0188                           &quot;python3 webstreamin&quot;   2 hours ago         Exited (139) 2 hours ago                             affectionate_shtern
3e8e7d14456d        2e4ed2ac0188                           &quot;python3 webstreamin&quot;   2 hours ago         Exited (139) 2 hours ago                             practical_khorana
517fcb7f6171        flask-tutorial:latest                  &quot;python webstreaming&quot;   2 hours ago         Exited (1) 2 hours ago                               upbeat_easley
f0dcfc9805ee        flask-tutorial:latest                  &quot;python webstreaming&quot;   2 hours ago         Created                                              trusting_kalam
59746aec4e71        flask-tutorial:latest                  &quot;python webstreaming&quot;   2 hours ago         Created                                              flaskapp01
dc743b2fa517        flask-tutorial:latest                  &quot;python webstreaming&quot;   2 hours ago         Created                                              flaskapp
a4bbeb574e0e        8b5b4041e234                           &quot;python3 webstreamin&quot;   2 hours ago         Exited (139) 2 hours ago                             strange_chaplygin
8cf31f04f53d        8b5b4041e234                           &quot;python3 webstreamin&quot;   2 hours ago         Exited (139) 2 hours ago                             serene_poitras
be0377f21bbd        94d96d915860                           &quot;/home/myapp/webstre&quot;   4 days ago          Created                                              determined_faraday
b083c1243246        28da938dc2f9                           &quot;webstreaming.py fla&quot;   4 days ago          Created                                              compassionate_wilbur
f1f3a1f2bdb9        606b7220b017                           &quot;python3 flask run -&quot;   4 days ago          Exited (2) 4 days ago                                exciting_panini
64645b14d4ba        9adb1c52daab                           &quot;python3 /bin/sh -c &quot;   4 days ago          Exited (1) 4 days ago                                compassionate_easley
168906fbf26c        c592bc2d6c26                           &quot;python3 /bin/sh -c &quot;   4 days ago          Exited (1) 4 days ago                                xenodochial_mcnulty
b56ad5f02887        980bc9defcfa                           &quot;python3 /bin/sh -c &quot;   4 days ago          Exited (1) 4 days ago                                distracted_dijkstra
ae13fb0eff71        a6fda15ddc68                           &quot;python3 webstreamin&quot;   4 days ago          Exited (139) 4 days ago                              elegant_mclean
8e171ce06714        a6fda15ddc68                           &quot;python3 webstreamin&quot;   4 days ago          Exited (139) 4 days ago                              xenodochial_heyrovsky
dc7c93e8ea55        ea285a86c3ef                           &quot;python3 python webs&quot;   4 days ago          Exited (2) 4 days ago                                nervous_matsumoto
e7ae52d2ac02        4f0cfca0babb                           &quot;python3 python3 web&quot;   4 days ago          Exited (2) 4 days ago                                elastic_chatterjee
41cfb6c91391        4f0cfca0babb                           &quot;python3 python3 web&quot;   4 days ago          Exited (2) 4 days ago                                gifted_cohen
dc4ae891da63        4f0cfca0babb                           &quot;python3 python3 web&quot;   4 days ago          Exited (2) 4 days ago                                admiring_cerf
dde79a74699c        4f0cfca0babb                           &quot;python3 python3 web&quot;   4 days ago          Exited (2) 4 days ago                                sharp_northcutt
cd2746d55ebe        617bf9026db7                           &quot;python3 webstreamin&quot;   4 days ago          Exited (139) 4 days ago                              beautiful_darwin
adf8b567273a        3551b007f710                           &quot;python3 webstreamin&quot;   4 days ago          Exited (0) 4 days ago                                eloquent_moore
b5c438ebbb30        90b4c72ab7df                           &quot;python3 webstreamin&quot;   4 days ago          Exited (139) 4 days ago                              elated_moore
acc181b26249        032418122323                           &quot;python3 webstreamin&quot;   4 days ago          Exited (1) 4 days ago                                exciting_ellis
5782971662ed        da5565d539e8                           &quot;python3 webstreamin&quot;   4 days ago          Exited (0) 4 days ago                                priceless_chatelet
34f029ab49eb        f431fce2aacc                           &quot;python3 webstreamin&quot;   4 days ago          Exited (0) 4 days ago                                optimistic_raman
16fd4ec0064e        18038bfcf7d7                           &quot;python3 webstreamin&quot;   4 days ago          Exited (0) 4 days ago                                hopeful_jang
f79c1bfa8ddc        243812a4ee64                           &quot;/bin/sh -c &apos;pip3 in&quot;   4 days ago          Exited (2) 4 days ago                                vigorous_mclaren
0eeaa1b18e41        bb198826ef2a                           &quot;python3 webstreamin&quot;   4 days ago          Exited (0) 4 days ago                                competent_mendel
46d3b3f5c4e3        39a34c6c1de6                           &quot;python3 webstreamin&quot;   4 days ago          Exited (0) 4 days ago                                practical_elbakyan
504d84022a9d        42bd58cb89d1                           &quot;python3 webstreamin&quot;   4 days ago          Exited (1) 4 days ago                                magical_meninsky
c6576480fd67        3741b581003b                           &quot;/bin/sh -c &apos;pip3 in&quot;   4 days ago          Exited (2) 4 days ago                                charming_shaw
9e719ac7ed66        5725ca177611                           &quot;python3 webstreamin&quot;   4 days ago          Exited (1) 4 days ago                                youthful_kowalevski
b1e745e39253        775349758637                           &quot;/bin/sh -c &apos;apt-get&quot;   4 days ago          Exited (127) 4 days ago                              strange_ishizaka
9cd33536a810        775349758637                           &quot;/bin/sh -c &apos;apt-get&quot;   4 days ago          Exited (127) 4 days ago                              intelligent_ride
55451de14e4b        42fb71df2205                           &quot;python3 webstreamin&quot;   4 days ago          Exited (1) 4 days ago                                affectionate_shannon
7ee5a574e494        752e7b1bfad3                           &quot;/bin/sh -c &apos;pip ins&quot;   4 days ago          Exited (127) 4 days ago                              unruffled_lamport
94cf87613f5f        5a11986e36d9                           &quot;python webstreaming&quot;   4 days ago          Exited (1) 4 days ago                                unruffled_feistel
ca521fee1242        ayeshashafiquedocker/ubuntu-hello:v1   &quot;/bin/bash&quot;              4 days ago          Exited (0) 4 days ago                                vibrant_roentgen
e20ae4f79bc6        ubuntu                                 &quot;/bin/bash&quot;              5 days ago          Exited (0) 4 days ago                                xenodochial_montalcini
aac2bda51858        hello-world                            &quot;/hello&quot;                 5 days ago          Exited (0) 5 days ago                                hello
be3a6ea980ba        hello-world                            &quot;/hello&quot;                 5 days ago          Exited (0) 5 days ago                                stupefied_shirley
047066f69482        hello-world:latest                     &quot;/hello&quot;                 5 days ago          Exited (0) 5 days ago                                gallant_germain
<font color="#8AE234"><b>ayesha@LDTS-AYESHASH</b></font>:<font color="#729FCF"><b>~/Documents/Docker Training/docker-flask-web-app-production</b></font>$ docker container commit 6ef4a0b96576 ayeshashafiquedocker/docker-flask:latest07
sha256:38996ff94a8fd9e999580670d21fa9f6ee4af06ec77a7d85f88699f1bec4d391
<font color="#8AE234"><b>ayesha@LDTS-AYESHASH</b></font>:<font color="#729FCF"><b>~/Documents/Docker Training/docker-flask-web-app-production</b></font>$ docker push ayeshashafiquedocker/docker-flask:latest07
The push refers to repository [docker.io/ayeshashafiquedocker/docker-flask]
be49b1fe2e15: Pushed 
8c303ec634e1: Pushed 
602e63461dca: Pushed 
10c75525deb5: Pushed 
fa84f6332900: Pushed 
e0b3afb09dc3: Mounted from ayeshashafiquedocker/ubuntu-hello 
6c01b5a53aac: Mounted from ayeshashafiquedocker/ubuntu-hello 
2c6ac8e5063e: Mounted from ayeshashafiquedocker/ubuntu-hello 
cc967c529ced: Mounted from ayeshashafiquedocker/ubuntu-hello 
latest07: digest: sha256:514ebc1418abbdecdb8fb62b119a5740b0bb763c38f2ae95124fe7e753b9aef0 size: 2204
<font color="#8AE234"><b>ayesha@LDTS-AYESHASH</b></font>:<font color="#729FCF"><b>~/Documents/Docker Training/docker-flask-web-app-production</b></font>$ 
</pre>